Assuming unrestricted shared filesystem usage.
None
host: stallion.srvint.efrei.fr
Building DAG of jobs...
Using shell: /usr/bin/bash
Provided cores: 16
Rules claiming more threads will be scaled down.
Conda environments: ignored
Job stats:
job                  count
-----------------  -------
abricate                16
all                      1
flye_assembly           16
host_depletion          16
merge_rgi_results        1
nanoplot                16
plot_ARGs               16
plot_ARGs_all            1
plot_ARGs_all_R          1
plot_ARGs_by_gene       16
porechop                16
rgi                     16
total                  132

Select jobs to execute...
Execute 6 jobs...
[Mon Oct 20 23:08:18 2025]
localrule porechop:
    input: resources/reads/HI02A.fastq.gz
    output: results/HI02A/trimmed.fastq.gz
    jobid: 40
    reason: Software environment definition has changed since last execution
    wildcards: sample=HI02A
    resources: tmpdir=/tmp
[Mon Oct 20 23:08:18 2025]
localrule porechop:
    input: resources/reads/CMC_BKN.fastq.gz
    output: results/CMC_BKN/trimmed.fastq.gz
    jobid: 32
    reason: Software environment definition has changed since last execution
    wildcards: sample=CMC_BKN
    resources: tmpdir=/tmp
RuleException:
CalledProcessError in file "/data/armel/git/MetagenAMR-main/workflow/rules/porechop.smk", line 10:
Command 'set -euo pipefail;  porechop -i resources/reads/HI02A.fastq.gz -o results/HI02A/trimmed.fastq.gz --threads 24' returned non-zero exit status 127.
[Mon Oct 20 23:08:18 2025]
Error in rule porechop:
    message: None
    jobid: 40
    input: resources/reads/HI02A.fastq.gz
    output: results/HI02A/trimmed.fastq.gz
    shell:
        porechop -i resources/reads/HI02A.fastq.gz -o results/HI02A/trimmed.fastq.gz --threads 24
        (command exited with non-zero exit code)
[Mon Oct 20 23:08:18 2025]
localrule nanoplot:
    input: resources/reads/HI05A.fastq.gz
    output: results/HI05A/qc/HI05A_Nanoplot
    log: results/HI05A/qc/HI05A_Nanoplot/nanoplot.log
    jobid: 9
    reason: Software environment definition has changed since last execution
    wildcards: sample=HI05A
    threads: 6
    resources: tmpdir=/tmp
RuleException:
CalledProcessError in file "/data/armel/git/MetagenAMR-main/workflow/rules/porechop.smk", line 10:
Command 'set -euo pipefail;  porechop -i resources/reads/CMC_BKN.fastq.gz -o results/CMC_BKN/trimmed.fastq.gz --threads 24' returned non-zero exit status 127.
[Mon Oct 20 23:08:18 2025]
Error in rule porechop:
    message: None
    jobid: 32
    input: resources/reads/CMC_BKN.fastq.gz
    output: results/CMC_BKN/trimmed.fastq.gz
    shell:
        porechop -i resources/reads/CMC_BKN.fastq.gz -o results/CMC_BKN/trimmed.fastq.gz --threads 24
        (command exited with non-zero exit code)
[Mon Oct 20 23:08:18 2025]
localrule porechop:
    input: resources/reads/HI14B.fastq.gz
    output: results/HI14B/trimmed.fastq.gz
    jobid: 68
    reason: Software environment definition has changed since last execution
    wildcards: sample=HI14B
    resources: tmpdir=/tmp
[Mon Oct 20 23:08:18 2025]
localrule porechop:
    input: resources/reads/HI04A.fastq.gz
    output: results/HI04A/trimmed.fastq.gz
    jobid: 48
    reason: Software environment definition has changed since last execution
    wildcards: sample=HI04A
    resources: tmpdir=/tmp
RuleException:
CalledProcessError in file "/data/armel/git/MetagenAMR-main/workflow/rules/porechop.smk", line 10:
Command 'set -euo pipefail;  porechop -i resources/reads/HI14B.fastq.gz -o results/HI14B/trimmed.fastq.gz --threads 24' returned non-zero exit status 127.
[Mon Oct 20 23:08:18 2025]
Error in rule porechop:
    message: None
    jobid: 68
    input: resources/reads/HI14B.fastq.gz
    output: results/HI14B/trimmed.fastq.gz
    shell:
        porechop -i resources/reads/HI14B.fastq.gz -o results/HI14B/trimmed.fastq.gz --threads 24
        (command exited with non-zero exit code)
[Mon Oct 20 23:08:18 2025]
localrule nanoplot:
    input: resources/reads/CMC_MTM.fastq.gz
    output: results/CMC_MTM/qc/CMC_MTM_Nanoplot
    log: results/CMC_MTM/qc/CMC_MTM_Nanoplot/nanoplot.log
    jobid: 3
    reason: Software environment definition has changed since last execution
    wildcards: sample=CMC_MTM
    threads: 6
    resources: tmpdir=/tmp
RuleException:
CalledProcessError in file "/data/armel/git/MetagenAMR-main/workflow/rules/porechop.smk", line 10:
Command 'set -euo pipefail;  porechop -i resources/reads/HI04A.fastq.gz -o results/HI04A/trimmed.fastq.gz --threads 24' returned non-zero exit status 127.
[Mon Oct 20 23:08:18 2025]
Error in rule porechop:
    message: None
    jobid: 48
    input: resources/reads/HI04A.fastq.gz
    output: results/HI04A/trimmed.fastq.gz
    shell:
        porechop -i resources/reads/HI04A.fastq.gz -o results/HI04A/trimmed.fastq.gz --threads 24
        (command exited with non-zero exit code)
Terminating processes on user request, this might take some time.
