Assuming unrestricted shared filesystem usage.
None
host: stallion.srvint.efrei.fr
Building DAG of jobs...
Your conda installation is not configured to use strict channel priorities. This is however important for having robust and correct environments (for details, see https://conda-forge.org/docs/user/tipsandtricks.html). Please consider to configure strict priorities by executing 'conda config --set channel_priority strict'.
Using shell: /usr/bin/bash
Provided cores: 1 (use --cores to define parallelism)
Rules claiming more threads will be scaled down.
Job stats:
job      count
-----  -------
rgi          1
total        1

Select jobs to execute...
Execute 1 jobs...
[Mon Oct 20 18:43:19 2025]
localrule rgi:
    input: results/HI02A/assembly.fasta
    output: results/HI02A/rgi, results/HI02A/rgi/HI02A_rgi_summary.tsv
    jobid: 0
    reason: Forced execution
    wildcards: sample=HI02A
    resources: tmpdir=/data/armel/git/MetagenAMR-main/results/HI09B/qc/HI09B_Nanoplot/tmp
Shell command: 
        set -euo pipefail
        mkdir -p results/HI02A/rgi

        # Exécution principale (utilise la base locale déjà chargée)
        rgi main \
            --input_sequence results/HI02A/assembly.fasta \
            --output_file results/HI02A/rgi/HI02A \
            --input_type contig \
            --num_threads 1 \
            --local \
            --clean

        # Conversion TSV
        rgi tab \
            --input results/HI02A/rgi/HI02A.json \
            --output results/HI02A/rgi/HI02A_rgi_summary.tsv \
            --include_loose
        
Activating conda environment: .snakemake/conda/c7d5ca7f7ac662505bab4dd15d603f7c_
Terminating processes on user request, this might take some time.
