Assuming unrestricted shared filesystem usage.
None
host: stallion.srvint.efrei.fr
Building DAG of jobs...
Your conda installation is not configured to use strict channel priorities. This is however important for having robust and correct environments (for details, see https://conda-forge.org/docs/user/tipsandtricks.html). Please consider to configure strict priorities by executing 'conda config --set channel_priority strict'.
Using shell: /usr/bin/bash
Provided cores: 1 (use --cores to define parallelism)
Rules claiming more threads will be scaled down.
Job stats:
job               count
--------------  -------
flye_assembly         1
host_depletion        1
porechop              1
rgi                   1
total                 4

Select jobs to execute...
Execute 1 jobs...
[Tue Oct 21 00:02:22 2025]
localrule porechop:
    input: resources/reads/HI02A.fastq.gz
    output: results/HI02A/trimmed.fastq.gz
    jobid: 3
    reason: Missing output files: results/HI02A/trimmed.fastq.gz; Software environment definition has changed since last execution
    wildcards: sample=HI02A
    resources: tmpdir=/data/armel/git/MetagenAMR-main/results/HI09B/qc/HI09B_Nanoplot/tmp
Shell command: porechop -i resources/reads/HI02A.fastq.gz -o results/HI02A/trimmed.fastq.gz --threads 24
Activating conda environment: .snakemake/conda/2ac72101414847c11936a83efa1608b6_
Terminating processes on user request, this might take some time.
