Assuming unrestricted shared filesystem usage.
None
host: stallion.srvint.efrei.fr
Building DAG of jobs...
Your conda installation is not configured to use strict channel priorities. This is however important for having robust and correct environments (for details, see https://conda-forge.org/docs/user/tipsandtricks.html). Please consider to configure strict priorities by executing 'conda config --set channel_priority strict'.
Using shell: /usr/bin/bash
Provided cores: 16
Rules claiming more threads will be scaled down.
Job stats:
job              count
-------------  -------
all                  1
plot_ARGs_all        1
total                2

Select jobs to execute...
Execute 1 jobs...
[Sun Jul 27 16:07:42 2025]
localrule plot_ARGs_all:
    input: results/barcode05/abricate/barcode05_ARG_summary.tsv, results/barcode06/abricate/barcode06_ARG_summary.tsv, results/barcode07/abricate/barcode07_ARG_summary.tsv
    output: results/summary/all_ARGs.png
    jobid: 16
    reason: Missing output files: results/summary/all_ARGs.png
    resources: tmpdir=/tmp
Activating conda environment: .snakemake/conda/f550386a40310a0327be21f8ca3f63dd_
[Sun Jul 27 16:07:47 2025]
Finished jobid: 16 (Rule: plot_ARGs_all)
1 of 2 steps (50%) done
Select jobs to execute...
Execute 1 jobs...
[Sun Jul 27 16:07:47 2025]
localrule all:
    input: results/barcode05/abricate/barcode05_ARG_summary.tsv, results/barcode06/abricate/barcode06_ARG_summary.tsv, results/barcode07/abricate/barcode07_ARG_summary.tsv, results/barcode05/plots/barcode05_resistance_classes.png, results/barcode06/plots/barcode06_resistance_classes.png, results/barcode07/plots/barcode07_resistance_classes.png, results/barcode05/plots/barcode05_ARGs_by_gene.png, results/barcode06/plots/barcode06_ARGs_by_gene.png, results/barcode07/plots/barcode07_ARGs_by_gene.png, results/summary/all_ARGs.png
    jobid: 0
    reason: Input files updated by another job: results/summary/all_ARGs.png
    resources: tmpdir=/tmp
[Sun Jul 27 16:07:47 2025]
Finished jobid: 0 (Rule: all)
2 of 2 steps (100%) done
Complete log(s): /data/armel/git/MetagenAMR-main/.snakemake/log/2025-07-27T160740.971287.snakemake.log
