Assuming unrestricted shared filesystem usage.
None
host: stallion.srvint.efrei.fr
Building DAG of jobs...
Your conda installation is not configured to use strict channel priorities. This is however important for having robust and correct environments (for details, see https://conda-forge.org/docs/user/tipsandtricks.html). Please consider to configure strict priorities by executing 'conda config --set channel_priority strict'.
Creating conda environment workflow/envs/nanoplot.yaml...
Downloading and installing remote packages.
Cleaning up conda package tarballs.
Environment for /data/armel/git/MetagenAMR-main/workflow/rules/../envs/nanoplot.yaml created (location: .snakemake/conda/829be6a34245cb60e58a22f45ba03a00_)
Using shell: /usr/bin/bash
Provided cores: 4
Rules claiming more threads will be scaled down.
Job stats:
job                  count
-----------------  -------
abricate                14
all                      1
flye_assembly            8
host_depletion           7
nanoplot                16
plot_ARGs               14
plot_ARGs_all            1
plot_ARGs_all_R          1
plot_ARGs_by_gene       14
porechop                 1
total                   77

Select jobs to execute...
Execute 4 jobs...
[Thu Oct 16 12:59:57 2025]
localrule porechop:
    input: resources/reads/HI01A.fastq.gz
    output: results/HI01A/trimmed.fastq.gz
    jobid: 36
    reason: Missing output files: results/HI01A/trimmed.fastq.gz
    wildcards: sample=HI01A
    resources: tmpdir=/tmp
Activating conda environment: .snakemake/conda/2ac72101414847c11936a83efa1608b6_
[Thu Oct 16 12:59:57 2025]
localrule abricate:
    input: results/CMC_CLY/assembly.fasta
    output: results/CMC_CLY/abricate/CMC_CLY_ARG_summary.tsv
    jobid: 17
    reason: Missing output files: results/CMC_CLY/abricate/CMC_CLY_ARG_summary.tsv
    wildcards: sample=CMC_CLY
    resources: tmpdir=/tmp
Activating conda environment: .snakemake/conda/01528871480f2915ea4485b3da11c9ff_
[Thu Oct 16 12:59:57 2025]
localrule abricate:
    input: results/HI02A/assembly.fasta
    output: results/HI02A/abricate/HI02A_ARG_summary.tsv
    jobid: 37
    reason: Missing output files: results/HI02A/abricate/HI02A_ARG_summary.tsv
    wildcards: sample=HI02A
    resources: tmpdir=/tmp
Activating conda environment: .snakemake/conda/01528871480f2915ea4485b3da11c9ff_
[Thu Oct 16 12:59:57 2025]
localrule flye_assembly:
    input: results/CMC_MNR/clean/CMC_MNR_noh.fq.gz
    output: results/CMC_MNR/assembly.fasta
    jobid: 22
    reason: Missing output files: results/CMC_MNR/assembly.fasta
    wildcards: sample=CMC_MNR
    resources: tmpdir=/tmp
Activating conda environment: .snakemake/conda/2b8d26851d42507ad652f148d31ace33_
Select jobs to execute...
[Thu Oct 16 13:00:21 2025]
Finished jobid: 37 (Rule: abricate)
1 of 77 steps (1%) done
Execute 1 jobs...
[Thu Oct 16 13:00:21 2025]
localrule plot_ARGs:
    input: results/HI02A/abricate/HI02A_ARG_summary.tsv
    output: results/HI02A/plots/HI02A_resistance_classes.png
    jobid: 86
    reason: Missing output files: results/HI02A/plots/HI02A_resistance_classes.png; Input files updated by another job: results/HI02A/abricate/HI02A_ARG_summary.tsv
    wildcards: sample=HI02A
    resources: tmpdir=/tmp
Activating conda environment: .snakemake/conda/f550386a40310a0327be21f8ca3f63dd_
Select jobs to execute...
Activating conda environment: .snakemake/conda/f550386a40310a0327be21f8ca3f63dd_
[Thu Oct 16 13:00:24 2025]
Finished jobid: 86 (Rule: plot_ARGs)
2 of 77 steps (3%) done
Execute 1 jobs...
[Thu Oct 16 13:00:24 2025]
localrule plot_ARGs_by_gene:
    input: results/HI02A/abricate/HI02A_ARG_summary.tsv
    output: results/HI02A/plots/HI02A_ARGs_by_gene.png
    jobid: 102
    reason: Missing output files: results/HI02A/plots/HI02A_ARGs_by_gene.png; Input files updated by another job: results/HI02A/abricate/HI02A_ARG_summary.tsv
    wildcards: sample=HI02A
    resources: tmpdir=/tmp
Activating conda environment: .snakemake/conda/f550386a40310a0327be21f8ca3f63dd_
Select jobs to execute...
[Thu Oct 16 13:00:27 2025]
Finished jobid: 102 (Rule: plot_ARGs_by_gene)
3 of 77 steps (4%) done
Execute 1 jobs...
[Thu Oct 16 13:00:27 2025]
localrule abricate:
    input: results/HI07A/assembly.fasta
    output: results/HI07A/abricate/HI07A_ARG_summary.tsv
    jobid: 53
    reason: Missing output files: results/HI07A/abricate/HI07A_ARG_summary.tsv
    wildcards: sample=HI07A
    resources: tmpdir=/tmp
Activating conda environment: .snakemake/conda/01528871480f2915ea4485b3da11c9ff_
Select jobs to execute...
[Thu Oct 16 13:01:03 2025]
Finished jobid: 53 (Rule: abricate)
4 of 77 steps (5%) done
Execute 1 jobs...
[Thu Oct 16 13:01:03 2025]
localrule plot_ARGs_by_gene:
    input: results/HI07A/abricate/HI07A_ARG_summary.tsv
    output: results/HI07A/plots/HI07A_ARGs_by_gene.png
    jobid: 106
    reason: Missing output files: results/HI07A/plots/HI07A_ARGs_by_gene.png; Input files updated by another job: results/HI07A/abricate/HI07A_ARG_summary.tsv
    wildcards: sample=HI07A
    resources: tmpdir=/tmp
Activating conda environment: .snakemake/conda/f550386a40310a0327be21f8ca3f63dd_
Select jobs to execute...
[Thu Oct 16 13:01:08 2025]
Finished jobid: 106 (Rule: plot_ARGs_by_gene)
5 of 77 steps (6%) done
Execute 1 jobs...
[Thu Oct 16 13:01:08 2025]
localrule abricate:
    input: results/CMC_MTM/assembly.fasta
    output: results/CMC_MTM/abricate/CMC_MTM_ARG_summary.tsv
    jobid: 25
    reason: Missing output files: results/CMC_MTM/abricate/CMC_MTM_ARG_summary.tsv
    wildcards: sample=CMC_MTM
    resources: tmpdir=/tmp
Activating conda environment: .snakemake/conda/01528871480f2915ea4485b3da11c9ff_
Select jobs to execute...
[Thu Oct 16 13:04:45 2025]
Finished jobid: 25 (Rule: abricate)
6 of 77 steps (8%) done
Execute 1 jobs...
[Thu Oct 16 13:04:45 2025]
localrule plot_ARGs_by_gene:
    input: results/CMC_MTM/abricate/CMC_MTM_ARG_summary.tsv
    output: results/CMC_MTM/plots/CMC_MTM_ARGs_by_gene.png
    jobid: 99
    reason: Missing output files: results/CMC_MTM/plots/CMC_MTM_ARGs_by_gene.png; Input files updated by another job: results/CMC_MTM/abricate/CMC_MTM_ARG_summary.tsv
    wildcards: sample=CMC_MTM
    resources: tmpdir=/tmp
Activating conda environment: .snakemake/conda/f550386a40310a0327be21f8ca3f63dd_
Select jobs to execute...
[Thu Oct 16 13:04:55 2025]
Finished jobid: 99 (Rule: plot_ARGs_by_gene)
7 of 77 steps (9%) done
Execute 1 jobs...
[Thu Oct 16 13:04:55 2025]
localrule abricate:
    input: results/HI12B/assembly.fasta
    output: results/HI12B/abricate/HI12B_ARG_summary.tsv
    jobid: 61
    reason: Missing output files: results/HI12B/abricate/HI12B_ARG_summary.tsv
    wildcards: sample=HI12B
    resources: tmpdir=/tmp
Activating conda environment: .snakemake/conda/01528871480f2915ea4485b3da11c9ff_
Select jobs to execute...
[Thu Oct 16 13:04:57 2025]
Finished jobid: 17 (Rule: abricate)
8 of 77 steps (10%) done
Execute 1 jobs...
[Thu Oct 16 13:04:57 2025]
localrule plot_ARGs:
    input: results/CMC_CLY/abricate/CMC_CLY_ARG_summary.tsv
    output: results/CMC_CLY/plots/CMC_CLY_resistance_classes.png
    jobid: 81
    reason: Missing output files: results/CMC_CLY/plots/CMC_CLY_resistance_classes.png; Input files updated by another job: results/CMC_CLY/abricate/CMC_CLY_ARG_summary.tsv
    wildcards: sample=CMC_CLY
    resources: tmpdir=/tmp
Activating conda environment: .snakemake/conda/f550386a40310a0327be21f8ca3f63dd_
Select jobs to execute...
Activating conda environment: .snakemake/conda/f550386a40310a0327be21f8ca3f63dd_
[Thu Oct 16 13:05:02 2025]
Finished jobid: 81 (Rule: plot_ARGs)
9 of 77 steps (12%) done
Execute 1 jobs...
[Thu Oct 16 13:05:02 2025]
localrule plot_ARGs:
    input: results/CMC_MTM/abricate/CMC_MTM_ARG_summary.tsv
    output: results/CMC_MTM/plots/CMC_MTM_resistance_classes.png
    jobid: 83
    reason: Missing output files: results/CMC_MTM/plots/CMC_MTM_resistance_classes.png; Input files updated by another job: results/CMC_MTM/abricate/CMC_MTM_ARG_summary.tsv
    wildcards: sample=CMC_MTM
    resources: tmpdir=/tmp
Activating conda environment: .snakemake/conda/f550386a40310a0327be21f8ca3f63dd_
Select jobs to execute...
Activating conda environment: .snakemake/conda/f550386a40310a0327be21f8ca3f63dd_
[Thu Oct 16 13:05:05 2025]
Finished jobid: 83 (Rule: plot_ARGs)
10 of 77 steps (13%) done
Execute 1 jobs...
[Thu Oct 16 13:05:05 2025]
localrule plot_ARGs:
    input: results/HI07A/abricate/HI07A_ARG_summary.tsv
    output: results/HI07A/plots/HI07A_resistance_classes.png
    jobid: 90
    reason: Missing output files: results/HI07A/plots/HI07A_resistance_classes.png; Input files updated by another job: results/HI07A/abricate/HI07A_ARG_summary.tsv
    wildcards: sample=HI07A
    resources: tmpdir=/tmp
Activating conda environment: .snakemake/conda/f550386a40310a0327be21f8ca3f63dd_
Select jobs to execute...
Activating conda environment: .snakemake/conda/f550386a40310a0327be21f8ca3f63dd_
[Thu Oct 16 13:05:08 2025]
Finished jobid: 90 (Rule: plot_ARGs)
11 of 77 steps (14%) done
Execute 1 jobs...
[Thu Oct 16 13:05:09 2025]
localrule abricate:
    input: results/CMC_BKN/assembly.fasta
    output: results/CMC_BKN/abricate/CMC_BKN_ARG_summary.tsv
    jobid: 29
    reason: Missing output files: results/CMC_BKN/abricate/CMC_BKN_ARG_summary.tsv
    wildcards: sample=CMC_BKN
    resources: tmpdir=/tmp
Activating conda environment: .snakemake/conda/01528871480f2915ea4485b3da11c9ff_
Select jobs to execute...
[Thu Oct 16 13:05:41 2025]
Finished jobid: 61 (Rule: abricate)
12 of 77 steps (16%) done
Execute 1 jobs...
[Thu Oct 16 13:05:41 2025]
localrule plot_ARGs:
    input: results/HI12B/abricate/HI12B_ARG_summary.tsv
    output: results/HI12B/plots/HI12B_resistance_classes.png
    jobid: 92
    reason: Missing output files: results/HI12B/plots/HI12B_resistance_classes.png; Input files updated by another job: results/HI12B/abricate/HI12B_ARG_summary.tsv
    wildcards: sample=HI12B
    resources: tmpdir=/tmp
Activating conda environment: .snakemake/conda/f550386a40310a0327be21f8ca3f63dd_
Select jobs to execute...
Activating conda environment: .snakemake/conda/f550386a40310a0327be21f8ca3f63dd_
RuleException:
CalledProcessError in file "/data/armel/git/MetagenAMR-main/workflow/rules/plot_ARGs.smk", line 10:
Command 'source /home/armel/miniforge3/envs/snakemake-env/bin/activate '/data/armel/git/MetagenAMR-main/.snakemake/conda/f550386a40310a0327be21f8ca3f63dd_'; set -euo pipefail;  python /data/armel/git/MetagenAMR-main/.snakemake/scripts/tmprv597fyv.plot_resistance_classes.py' returned non-zero exit status 1.
[Thu Oct 16 13:05:46 2025]
Error in rule plot_ARGs:
    message: None
    jobid: 92
    input: results/HI12B/abricate/HI12B_ARG_summary.tsv
    output: results/HI12B/plots/HI12B_resistance_classes.png
    conda-env: /data/armel/git/MetagenAMR-main/.snakemake/conda/f550386a40310a0327be21f8ca3f63dd_
[Thu Oct 16 13:07:53 2025]
Finished jobid: 29 (Rule: abricate)
13 of 77 steps (17%) done
[Thu Oct 16 14:13:59 2025]
Finished jobid: 36 (Rule: porechop)
14 of 77 steps (18%) done
[Thu Oct 16 14:42:16 2025]
Finished jobid: 22 (Rule: flye_assembly)
15 of 77 steps (19%) done
Shutting down, this might take some time.
Exiting because a job execution failed. Look below for error messages
[Thu Oct 16 14:42:16 2025]
Error in rule plot_ARGs:
    message: None
    jobid: 92
    input: results/HI12B/abricate/HI12B_ARG_summary.tsv
    output: results/HI12B/plots/HI12B_resistance_classes.png
    conda-env: /data/armel/git/MetagenAMR-main/.snakemake/conda/f550386a40310a0327be21f8ca3f63dd_
Complete log(s): /data/armel/git/MetagenAMR-main/.snakemake/log/2025-10-16T125817.665775.snakemake.log
WorkflowError:
At least one job did not complete successfully.
