Assuming unrestricted shared filesystem usage.
None
host: stallion.srvint.efrei.fr
Building DAG of jobs...
Your conda installation is not configured to use strict channel priorities. This is however important for having robust and correct environments (for details, see https://conda-forge.org/docs/user/tipsandtricks.html). Please consider to configure strict priorities by executing 'conda config --set channel_priority strict'.
Creating conda environment workflow/envs/nanoplot.yaml...
Downloading and installing remote packages.
Cleaning up conda package tarballs.
Environment for /data/armel/git/MetagenAMR-main/workflow/rules/../envs/nanoplot.yaml created (location: .snakemake/conda/de891c6cc03ba77d6d59f6373b0f834e_)
Using shell: /usr/bin/bash
Provided cores: 8
Rules claiming more threads will be scaled down.
Job stats:
job                count
---------------  -------
all                    1
nanoplot              16
plot_ARGs_all_R        1
total                 18

Select jobs to execute...
Execute 2 jobs...
[Mon Oct 20 14:48:14 2025]
localrule nanoplot:
    input: resources/reads/HI02A.fastq.gz
    output: results/HI02A/qc/HI02A_Nanoplot
    log: results/HI02A/qc/HI02A_Nanoplot/nanoplot.log
    jobid: 6
    reason: Missing output files: results/HI02A/qc/HI02A_Nanoplot; Code has changed since last execution; Software environment definition has changed since last execution
    wildcards: sample=HI02A
    threads: 6
    resources: tmpdir=/data/armel/git/MetagenAMR-main/results/HI09B/qc/HI09B_Nanoplot/tmp
Activating conda environment: .snakemake/conda/de891c6cc03ba77d6d59f6373b0f834e_
[Mon Oct 20 14:48:14 2025]
localrule plot_ARGs_all_R:
    input: results/CMC_CLY/abricate/CMC_CLY_ARG_summary.tsv, results/CMC_MNR/abricate/CMC_MNR_ARG_summary.tsv, results/CMC_MTM/abricate/CMC_MTM_ARG_summary.tsv, results/CMC_BKN/abricate/CMC_BKN_ARG_summary.tsv, results/HI01A/abricate/HI01A_ARG_summary.tsv, results/HI02A/abricate/HI02A_ARG_summary.tsv, results/HI03A/abricate/HI03A_ARG_summary.tsv, results/HI04A/abricate/HI04A_ARG_summary.tsv, results/HI05A/abricate/HI05A_ARG_summary.tsv, results/HI07A/abricate/HI07A_ARG_summary.tsv, results/HI09B/abricate/HI09B_ARG_summary.tsv, results/HI12B/abricate/HI12B_ARG_summary.tsv, results/HI14B/abricate/HI14B_ARG_summary.tsv, results/HI15B/abricate/HI15B_ARG_summary.tsv, results/HI16B/abricate/HI16B_ARG_summary.tsv, results/HI17B/abricate/HI17B_ARG_summary.tsv
    output: results/summary/r_all_ARGs.png, results/summary/r_all_ARGs_counts.tsv
    jobid: 114
    reason: Missing output files: results/summary/r_all_ARGs_counts.tsv, results/summary/r_all_ARGs.png
    resources: tmpdir=/data/armel/git/MetagenAMR-main/results/HI09B/qc/HI09B_Nanoplot/tmp
Activating conda environment: .snakemake/conda/c7086733d53bb4829268fec163c19721_
Select jobs to execute...
RuleException:
CalledProcessError in file "/data/armel/git/MetagenAMR-main/workflow/rules/r_plot_ARGs_all.smk", line 10:
Command 'source /home/armel/miniforge3/envs/snakemake-env/bin/activate '/data/armel/git/MetagenAMR-main/.snakemake/conda/c7086733d53bb4829268fec163c19721_'; set -euo pipefail;  
        mkdir -p results/summary
        Rscript /data/armel/git/MetagenAMR-main/workflow/scripts/r_plot_ARGs_all.R results/summary/r_all_ARGs.png results/summary/r_all_ARGs_counts.tsv results/CMC_CLY/abricate/CMC_CLY_ARG_summary.tsv results/CMC_MNR/abricate/CMC_MNR_ARG_summary.tsv results/CMC_MTM/abricate/CMC_MTM_ARG_summary.tsv results/CMC_BKN/abricate/CMC_BKN_ARG_summary.tsv results/HI01A/abricate/HI01A_ARG_summary.tsv results/HI02A/abricate/HI02A_ARG_summary.tsv results/HI03A/abricate/HI03A_ARG_summary.tsv results/HI04A/abricate/HI04A_ARG_summary.tsv results/HI05A/abricate/HI05A_ARG_summary.tsv results/HI07A/abricate/HI07A_ARG_summary.tsv results/HI09B/abricate/HI09B_ARG_summary.tsv results/HI12B/abricate/HI12B_ARG_summary.tsv results/HI14B/abricate/HI14B_ARG_summary.tsv results/HI15B/abricate/HI15B_ARG_summary.tsv results/HI16B/abricate/HI16B_ARG_summary.tsv results/HI17B/abricate/HI17B_ARG_summary.tsv' returned non-zero exit status 1.
[Mon Oct 20 14:48:16 2025]
Error in rule plot_ARGs_all_R:
    message: None
    jobid: 114
    input: results/CMC_CLY/abricate/CMC_CLY_ARG_summary.tsv, results/CMC_MNR/abricate/CMC_MNR_ARG_summary.tsv, results/CMC_MTM/abricate/CMC_MTM_ARG_summary.tsv, results/CMC_BKN/abricate/CMC_BKN_ARG_summary.tsv, results/HI01A/abricate/HI01A_ARG_summary.tsv, results/HI02A/abricate/HI02A_ARG_summary.tsv, results/HI03A/abricate/HI03A_ARG_summary.tsv, results/HI04A/abricate/HI04A_ARG_summary.tsv, results/HI05A/abricate/HI05A_ARG_summary.tsv, results/HI07A/abricate/HI07A_ARG_summary.tsv, results/HI09B/abricate/HI09B_ARG_summary.tsv, results/HI12B/abricate/HI12B_ARG_summary.tsv, results/HI14B/abricate/HI14B_ARG_summary.tsv, results/HI15B/abricate/HI15B_ARG_summary.tsv, results/HI16B/abricate/HI16B_ARG_summary.tsv, results/HI17B/abricate/HI17B_ARG_summary.tsv
    output: results/summary/r_all_ARGs.png, results/summary/r_all_ARGs_counts.tsv
    conda-env: /data/armel/git/MetagenAMR-main/.snakemake/conda/c7086733d53bb4829268fec163c19721_
    shell:
        
        mkdir -p results/summary
        Rscript /data/armel/git/MetagenAMR-main/workflow/scripts/r_plot_ARGs_all.R results/summary/r_all_ARGs.png results/summary/r_all_ARGs_counts.tsv results/CMC_CLY/abricate/CMC_CLY_ARG_summary.tsv results/CMC_MNR/abricate/CMC_MNR_ARG_summary.tsv results/CMC_MTM/abricate/CMC_MTM_ARG_summary.tsv results/CMC_BKN/abricate/CMC_BKN_ARG_summary.tsv results/HI01A/abricate/HI01A_ARG_summary.tsv results/HI02A/abricate/HI02A_ARG_summary.tsv results/HI03A/abricate/HI03A_ARG_summary.tsv results/HI04A/abricate/HI04A_ARG_summary.tsv results/HI05A/abricate/HI05A_ARG_summary.tsv results/HI07A/abricate/HI07A_ARG_summary.tsv results/HI09B/abricate/HI09B_ARG_summary.tsv results/HI12B/abricate/HI12B_ARG_summary.tsv results/HI14B/abricate/HI14B_ARG_summary.tsv results/HI15B/abricate/HI15B_ARG_summary.tsv results/HI16B/abricate/HI16B_ARG_summary.tsv results/HI17B/abricate/HI17B_ARG_summary.tsv
        
        (command exited with non-zero exit code)
[Mon Oct 20 14:50:07 2025]
Finished jobid: 6 (Rule: nanoplot)
1 of 18 steps (6%) done
Execute 1 jobs...
[Mon Oct 20 14:50:07 2025]
localrule nanoplot:
    input: resources/reads/HI17B.fastq.gz
    output: results/HI17B/qc/HI17B_Nanoplot
    log: results/HI17B/qc/HI17B_Nanoplot/nanoplot.log
    jobid: 16
    reason: Missing output files: results/HI17B/qc/HI17B_Nanoplot; Code has changed since last execution; Software environment definition has changed since last execution
    wildcards: sample=HI17B
    threads: 6
    resources: tmpdir=/data/armel/git/MetagenAMR-main/results/HI09B/qc/HI09B_Nanoplot/tmp
Activating conda environment: .snakemake/conda/de891c6cc03ba77d6d59f6373b0f834e_
Select jobs to execute...
[Mon Oct 20 14:53:19 2025]
Finished jobid: 16 (Rule: nanoplot)
2 of 18 steps (11%) done
Execute 1 jobs...
[Mon Oct 20 14:53:19 2025]
localrule nanoplot:
    input: resources/reads/CMC_CLY.fastq.gz
    output: results/CMC_CLY/qc/CMC_CLY_Nanoplot
    log: results/CMC_CLY/qc/CMC_CLY_Nanoplot/nanoplot.log
    jobid: 1
    reason: Missing output files: results/CMC_CLY/qc/CMC_CLY_Nanoplot; Code has changed since last execution; Software environment definition has changed since last execution
    wildcards: sample=CMC_CLY
    threads: 6
    resources: tmpdir=/data/armel/git/MetagenAMR-main/results/HI09B/qc/HI09B_Nanoplot/tmp
Activating conda environment: .snakemake/conda/de891c6cc03ba77d6d59f6373b0f834e_
Select jobs to execute...
[Mon Oct 20 14:58:22 2025]
Finished jobid: 1 (Rule: nanoplot)
3 of 18 steps (17%) done
Execute 1 jobs...
[Mon Oct 20 14:58:22 2025]
localrule nanoplot:
    input: resources/reads/HI07A.fastq.gz
    output: results/HI07A/qc/HI07A_Nanoplot
    log: results/HI07A/qc/HI07A_Nanoplot/nanoplot.log
    jobid: 10
    reason: Missing output files: results/HI07A/qc/HI07A_Nanoplot; Code has changed since last execution; Software environment definition has changed since last execution
    wildcards: sample=HI07A
    threads: 6
    resources: tmpdir=/data/armel/git/MetagenAMR-main/results/HI09B/qc/HI09B_Nanoplot/tmp
Activating conda environment: .snakemake/conda/de891c6cc03ba77d6d59f6373b0f834e_
Select jobs to execute...
[Mon Oct 20 15:02:12 2025]
Finished jobid: 10 (Rule: nanoplot)
4 of 18 steps (22%) done
Execute 1 jobs...
[Mon Oct 20 15:02:12 2025]
localrule nanoplot:
    input: resources/reads/CMC_BKN.fastq.gz
    output: results/CMC_BKN/qc/CMC_BKN_Nanoplot
    log: results/CMC_BKN/qc/CMC_BKN_Nanoplot/nanoplot.log
    jobid: 4
    reason: Missing output files: results/CMC_BKN/qc/CMC_BKN_Nanoplot; Code has changed since last execution; Software environment definition has changed since last execution
    wildcards: sample=CMC_BKN
    threads: 6
    resources: tmpdir=/data/armel/git/MetagenAMR-main/results/HI09B/qc/HI09B_Nanoplot/tmp
Activating conda environment: .snakemake/conda/de891c6cc03ba77d6d59f6373b0f834e_
Select jobs to execute...
[Mon Oct 20 15:04:36 2025]
Finished jobid: 4 (Rule: nanoplot)
5 of 18 steps (28%) done
Execute 1 jobs...
[Mon Oct 20 15:04:36 2025]
localrule nanoplot:
    input: resources/reads/HI16B.fastq.gz
    output: results/HI16B/qc/HI16B_Nanoplot
    log: results/HI16B/qc/HI16B_Nanoplot/nanoplot.log
    jobid: 15
    reason: Missing output files: results/HI16B/qc/HI16B_Nanoplot; Code has changed since last execution; Software environment definition has changed since last execution
    wildcards: sample=HI16B
    threads: 6
    resources: tmpdir=/data/armel/git/MetagenAMR-main/results/HI09B/qc/HI09B_Nanoplot/tmp
Activating conda environment: .snakemake/conda/de891c6cc03ba77d6d59f6373b0f834e_
Select jobs to execute...
[Mon Oct 20 15:07:21 2025]
Finished jobid: 15 (Rule: nanoplot)
6 of 18 steps (33%) done
Execute 1 jobs...
[Mon Oct 20 15:07:21 2025]
localrule nanoplot:
    input: resources/reads/HI09B.fastq.gz
    output: results/HI09B/qc/HI09B_Nanoplot
    log: results/HI09B/qc/HI09B_Nanoplot/nanoplot.log
    jobid: 11
    reason: Code has changed since last execution; Software environment definition has changed since last execution
    wildcards: sample=HI09B
    threads: 6
    resources: tmpdir=/data/armel/git/MetagenAMR-main/results/HI09B/qc/HI09B_Nanoplot/tmp
Activating conda environment: .snakemake/conda/de891c6cc03ba77d6d59f6373b0f834e_
Select jobs to execute...
[Mon Oct 20 15:09:53 2025]
Finished jobid: 11 (Rule: nanoplot)
7 of 18 steps (39%) done
Execute 1 jobs...
[Mon Oct 20 15:09:53 2025]
localrule nanoplot:
    input: resources/reads/HI14B.fastq.gz
    output: results/HI14B/qc/HI14B_Nanoplot
    log: results/HI14B/qc/HI14B_Nanoplot/nanoplot.log
    jobid: 13
    reason: Missing output files: results/HI14B/qc/HI14B_Nanoplot; Code has changed since last execution; Software environment definition has changed since last execution
    wildcards: sample=HI14B
    threads: 6
    resources: tmpdir=/data/armel/git/MetagenAMR-main/results/HI09B/qc/HI09B_Nanoplot/tmp
Activating conda environment: .snakemake/conda/de891c6cc03ba77d6d59f6373b0f834e_
Select jobs to execute...
[Mon Oct 20 15:12:27 2025]
Finished jobid: 13 (Rule: nanoplot)
8 of 18 steps (44%) done
Execute 1 jobs...
[Mon Oct 20 15:12:27 2025]
localrule nanoplot:
    input: resources/reads/CMC_MTM.fastq.gz
    output: results/CMC_MTM/qc/CMC_MTM_Nanoplot
    log: results/CMC_MTM/qc/CMC_MTM_Nanoplot/nanoplot.log
    jobid: 3
    reason: Missing output files: results/CMC_MTM/qc/CMC_MTM_Nanoplot; Code has changed since last execution; Software environment definition has changed since last execution
    wildcards: sample=CMC_MTM
    threads: 6
    resources: tmpdir=/data/armel/git/MetagenAMR-main/results/HI09B/qc/HI09B_Nanoplot/tmp
Activating conda environment: .snakemake/conda/de891c6cc03ba77d6d59f6373b0f834e_
Select jobs to execute...
[Mon Oct 20 15:17:43 2025]
Finished jobid: 3 (Rule: nanoplot)
9 of 18 steps (50%) done
Execute 1 jobs...
[Mon Oct 20 15:17:43 2025]
localrule nanoplot:
    input: resources/reads/HI01A.fastq.gz
    output: results/HI01A/qc/HI01A_Nanoplot
    log: results/HI01A/qc/HI01A_Nanoplot/nanoplot.log
    jobid: 5
    reason: Missing output files: results/HI01A/qc/HI01A_Nanoplot; Code has changed since last execution; Software environment definition has changed since last execution
    wildcards: sample=HI01A
    threads: 6
    resources: tmpdir=/data/armel/git/MetagenAMR-main/results/HI09B/qc/HI09B_Nanoplot/tmp
Activating conda environment: .snakemake/conda/de891c6cc03ba77d6d59f6373b0f834e_
Select jobs to execute...
[Mon Oct 20 15:21:11 2025]
Finished jobid: 5 (Rule: nanoplot)
10 of 18 steps (56%) done
Execute 1 jobs...
[Mon Oct 20 15:21:11 2025]
localrule nanoplot:
    input: resources/reads/HI15B.fastq.gz
    output: results/HI15B/qc/HI15B_Nanoplot
    log: results/HI15B/qc/HI15B_Nanoplot/nanoplot.log
    jobid: 14
    reason: Missing output files: results/HI15B/qc/HI15B_Nanoplot; Code has changed since last execution; Software environment definition has changed since last execution
    wildcards: sample=HI15B
    threads: 6
    resources: tmpdir=/data/armel/git/MetagenAMR-main/results/HI09B/qc/HI09B_Nanoplot/tmp
Activating conda environment: .snakemake/conda/de891c6cc03ba77d6d59f6373b0f834e_
Select jobs to execute...
[Mon Oct 20 15:24:32 2025]
Finished jobid: 14 (Rule: nanoplot)
11 of 18 steps (61%) done
Execute 1 jobs...
[Mon Oct 20 15:24:32 2025]
localrule nanoplot:
    input: resources/reads/HI12B.fastq.gz
    output: results/HI12B/qc/HI12B_Nanoplot
    log: results/HI12B/qc/HI12B_Nanoplot/nanoplot.log
    jobid: 12
    reason: Missing output files: results/HI12B/qc/HI12B_Nanoplot; Code has changed since last execution; Software environment definition has changed since last execution
    wildcards: sample=HI12B
    threads: 6
    resources: tmpdir=/data/armel/git/MetagenAMR-main/results/HI09B/qc/HI09B_Nanoplot/tmp
Activating conda environment: .snakemake/conda/de891c6cc03ba77d6d59f6373b0f834e_
Select jobs to execute...
[Mon Oct 20 15:27:40 2025]
Finished jobid: 12 (Rule: nanoplot)
12 of 18 steps (67%) done
Execute 1 jobs...
[Mon Oct 20 15:27:40 2025]
localrule nanoplot:
    input: resources/reads/CMC_MNR.fastq.gz
    output: results/CMC_MNR/qc/CMC_MNR_Nanoplot
    log: results/CMC_MNR/qc/CMC_MNR_Nanoplot/nanoplot.log
    jobid: 2
    reason: Missing output files: results/CMC_MNR/qc/CMC_MNR_Nanoplot; Code has changed since last execution; Software environment definition has changed since last execution
    wildcards: sample=CMC_MNR
    threads: 6
    resources: tmpdir=/data/armel/git/MetagenAMR-main/results/HI09B/qc/HI09B_Nanoplot/tmp
Activating conda environment: .snakemake/conda/de891c6cc03ba77d6d59f6373b0f834e_
Select jobs to execute...
[Mon Oct 20 15:30:24 2025]
Finished jobid: 2 (Rule: nanoplot)
13 of 18 steps (72%) done
Execute 1 jobs...
[Mon Oct 20 15:30:24 2025]
localrule nanoplot:
    input: resources/reads/HI05A.fastq.gz
    output: results/HI05A/qc/HI05A_Nanoplot
    log: results/HI05A/qc/HI05A_Nanoplot/nanoplot.log
    jobid: 9
    reason: Missing output files: results/HI05A/qc/HI05A_Nanoplot; Code has changed since last execution; Software environment definition has changed since last execution
    wildcards: sample=HI05A
    threads: 6
    resources: tmpdir=/data/armel/git/MetagenAMR-main/results/HI09B/qc/HI09B_Nanoplot/tmp
Activating conda environment: .snakemake/conda/de891c6cc03ba77d6d59f6373b0f834e_
Select jobs to execute...
[Mon Oct 20 15:31:33 2025]
Finished jobid: 9 (Rule: nanoplot)
14 of 18 steps (78%) done
Execute 1 jobs...
[Mon Oct 20 15:31:33 2025]
localrule nanoplot:
    input: resources/reads/HI03A.fastq.gz
    output: results/HI03A/qc/HI03A_Nanoplot
    log: results/HI03A/qc/HI03A_Nanoplot/nanoplot.log
    jobid: 7
    reason: Missing output files: results/HI03A/qc/HI03A_Nanoplot; Code has changed since last execution; Software environment definition has changed since last execution
    wildcards: sample=HI03A
    threads: 6
    resources: tmpdir=/data/armel/git/MetagenAMR-main/results/HI09B/qc/HI09B_Nanoplot/tmp
Activating conda environment: .snakemake/conda/de891c6cc03ba77d6d59f6373b0f834e_
Select jobs to execute...
[Mon Oct 20 15:33:45 2025]
Finished jobid: 7 (Rule: nanoplot)
15 of 18 steps (83%) done
Execute 1 jobs...
[Mon Oct 20 15:33:45 2025]
localrule nanoplot:
    input: resources/reads/HI04A.fastq.gz
    output: results/HI04A/qc/HI04A_Nanoplot
    log: results/HI04A/qc/HI04A_Nanoplot/nanoplot.log
    jobid: 8
    reason: Missing output files: results/HI04A/qc/HI04A_Nanoplot; Code has changed since last execution; Software environment definition has changed since last execution
    wildcards: sample=HI04A
    threads: 6
    resources: tmpdir=/data/armel/git/MetagenAMR-main/results/HI09B/qc/HI09B_Nanoplot/tmp
Activating conda environment: .snakemake/conda/de891c6cc03ba77d6d59f6373b0f834e_
[Mon Oct 20 15:34:13 2025]
Finished jobid: 8 (Rule: nanoplot)
16 of 18 steps (89%) done
Exiting because a job execution failed. Look below for error messages
[Mon Oct 20 15:34:13 2025]
Error in rule plot_ARGs_all_R:
    message: None
    jobid: 114
    input: results/CMC_CLY/abricate/CMC_CLY_ARG_summary.tsv, results/CMC_MNR/abricate/CMC_MNR_ARG_summary.tsv, results/CMC_MTM/abricate/CMC_MTM_ARG_summary.tsv, results/CMC_BKN/abricate/CMC_BKN_ARG_summary.tsv, results/HI01A/abricate/HI01A_ARG_summary.tsv, results/HI02A/abricate/HI02A_ARG_summary.tsv, results/HI03A/abricate/HI03A_ARG_summary.tsv, results/HI04A/abricate/HI04A_ARG_summary.tsv, results/HI05A/abricate/HI05A_ARG_summary.tsv, results/HI07A/abricate/HI07A_ARG_summary.tsv, results/HI09B/abricate/HI09B_ARG_summary.tsv, results/HI12B/abricate/HI12B_ARG_summary.tsv, results/HI14B/abricate/HI14B_ARG_summary.tsv, results/HI15B/abricate/HI15B_ARG_summary.tsv, results/HI16B/abricate/HI16B_ARG_summary.tsv, results/HI17B/abricate/HI17B_ARG_summary.tsv
    output: results/summary/r_all_ARGs.png, results/summary/r_all_ARGs_counts.tsv
    conda-env: /data/armel/git/MetagenAMR-main/.snakemake/conda/c7086733d53bb4829268fec163c19721_
    shell:
        
        mkdir -p results/summary
        Rscript /data/armel/git/MetagenAMR-main/workflow/scripts/r_plot_ARGs_all.R results/summary/r_all_ARGs.png results/summary/r_all_ARGs_counts.tsv results/CMC_CLY/abricate/CMC_CLY_ARG_summary.tsv results/CMC_MNR/abricate/CMC_MNR_ARG_summary.tsv results/CMC_MTM/abricate/CMC_MTM_ARG_summary.tsv results/CMC_BKN/abricate/CMC_BKN_ARG_summary.tsv results/HI01A/abricate/HI01A_ARG_summary.tsv results/HI02A/abricate/HI02A_ARG_summary.tsv results/HI03A/abricate/HI03A_ARG_summary.tsv results/HI04A/abricate/HI04A_ARG_summary.tsv results/HI05A/abricate/HI05A_ARG_summary.tsv results/HI07A/abricate/HI07A_ARG_summary.tsv results/HI09B/abricate/HI09B_ARG_summary.tsv results/HI12B/abricate/HI12B_ARG_summary.tsv results/HI14B/abricate/HI14B_ARG_summary.tsv results/HI15B/abricate/HI15B_ARG_summary.tsv results/HI16B/abricate/HI16B_ARG_summary.tsv results/HI17B/abricate/HI17B_ARG_summary.tsv
        
        (command exited with non-zero exit code)
Complete log(s): /data/armel/git/MetagenAMR-main/.snakemake/log/2025-10-20T144643.870448.snakemake.log
WorkflowError:
At least one job did not complete successfully.
