Assuming unrestricted shared filesystem usage.
None
host: stallion.srvint.efrei.fr
Building DAG of jobs...
Your conda installation is not configured to use strict channel priorities. This is however important for having robust and correct environments (for details, see https://conda-forge.org/docs/user/tipsandtricks.html). Please consider to configure strict priorities by executing 'conda config --set channel_priority strict'.
Using shell: /usr/bin/bash
Provided cores: 16
Rules claiming more threads will be scaled down.
Job stats:
job              count
-------------  -------
abricate             1
all                  1
flye_assembly        1
nanoplot             1
plot_ARGs            1
total                5

Select jobs to execute...
Execute 2 jobs...
[Wed Jul 23 08:26:01 2025]
localrule nanoplot:
    input: results/barcode05/trimmed.fastq.gz
    output: results/barcode05/qc/barcode05_Nanoplot
    jobid: 1
    reason: Missing output files: results/barcode05/qc/barcode05_Nanoplot
    wildcards: sample=barcode05
    resources: tmpdir=/tmp
Activating conda environment: .snakemake/conda/358b659c6fdedcb3ca81f22891d4ca33_
[Wed Jul 23 08:26:01 2025]
localrule flye_assembly:
    input: results/barcode05/clean/barcode05_noh.fq.gz
    output: results/barcode05/assembly.fasta
    jobid: 4
    reason: Missing output files: results/barcode05/assembly.fasta
    wildcards: sample=barcode05
    resources: tmpdir=/tmp
Activating conda environment: .snakemake/conda/2b8d26851d42507ad652f148d31ace33_
RuleException:
CalledProcessError in file "/data/armel/git/MetagenAMR-main/workflow/rules/nanoplot.smk", line 9:
Command 'source /home/armel/miniforge3/envs/snakemake-env/bin/activate '/data/armel/git/MetagenAMR-main/.snakemake/conda/358b659c6fdedcb3ca81f22891d4ca33_'; set -euo pipefail;  NanoPlot --fastq results/barcode05/trimmed.fastq.gz -o results/barcode05/qc/barcode05_Nanoplot -t 24' returned non-zero exit status 1.
[Wed Jul 23 08:26:03 2025]
Error in rule nanoplot:
    message: None
    jobid: 1
    input: results/barcode05/trimmed.fastq.gz
    output: results/barcode05/qc/barcode05_Nanoplot
    conda-env: /data/armel/git/MetagenAMR-main/.snakemake/conda/358b659c6fdedcb3ca81f22891d4ca33_
    shell:
        NanoPlot --fastq results/barcode05/trimmed.fastq.gz -o results/barcode05/qc/barcode05_Nanoplot -t 24
        (command exited with non-zero exit code)
[Wed Jul 23 09:42:22 2025]
Finished jobid: 4 (Rule: flye_assembly)
1 of 5 steps (20%) done
Shutting down, this might take some time.
Exiting because a job execution failed. Look below for error messages
[Wed Jul 23 09:42:22 2025]
Error in rule nanoplot:
    message: None
    jobid: 1
    input: results/barcode05/trimmed.fastq.gz
    output: results/barcode05/qc/barcode05_Nanoplot
    conda-env: /data/armel/git/MetagenAMR-main/.snakemake/conda/358b659c6fdedcb3ca81f22891d4ca33_
    shell:
        NanoPlot --fastq results/barcode05/trimmed.fastq.gz -o results/barcode05/qc/barcode05_Nanoplot -t 24
        (command exited with non-zero exit code)
Complete log(s): /data/armel/git/MetagenAMR-main/.snakemake/log/2025-07-23T082559.937919.snakemake.log
WorkflowError:
At least one job did not complete successfully.
