Building DAG of jobs...
Creating conda environment workflow/envs/dag.yaml...
Downloading and installing remote packages.
Environment for /data/armel/git/MetagenAMR-main/workflow/rules/../envs/dag.yaml created (location: .snakemake/conda/9c639e334ab76ac4927595f64a8e6cc2_)
Using shell: /usr/bin/bash
Provided cores: 4
Rules claiming more threads will be scaled down.
Job stats:
job          count
---------  -------
build_dag        1
total            1

Select jobs to execute...

[Thu Oct 23 16:51:41 2025]
rule build_dag:
    output: results/workflow_dag.png
    jobid: 0
    reason: Missing output files: results/workflow_dag.png
    resources: tmpdir=/tmp

Activating conda environment: .snakemake/conda/9c639e334ab76ac4927595f64a8e6cc2_
[Thu Oct 23 16:51:44 2025]
Finished job 0.
1 of 1 steps (100%) done
Complete log: .snakemake/log/2025-10-23T164933.640037.snakemake.log
