Building DAG of jobs...
Using shell: /usr/bin/bash
Provided cores: 8
Rules claiming more threads will be scaled down.
Job stats:
job                 count
----------------  -------
multiqc_nanoplot        1
total                   1

Select jobs to execute...

[Thu Oct 23 19:21:09 2025]
rule multiqc_nanoplot:
    input: results/CMC_CLY/qc/CMC_CLY_Nanoplot, results/CMC_MNR/qc/CMC_MNR_Nanoplot, results/CMC_MTM/qc/CMC_MTM_Nanoplot, results/CMC_BKN/qc/CMC_BKN_Nanoplot, results/HI01A/qc/HI01A_Nanoplot, results/HI02A/qc/HI02A_Nanoplot, results/HI03A/qc/HI03A_Nanoplot, results/HI04A/qc/HI04A_Nanoplot, results/HI05A/qc/HI05A_Nanoplot, results/HI07A/qc/HI07A_Nanoplot, results/HI09B/qc/HI09B_Nanoplot, results/HI12B/qc/HI12B_Nanoplot, results/HI14B/qc/HI14B_Nanoplot, results/HI15B/qc/HI15B_Nanoplot, results/HI16B/qc/HI16B_Nanoplot, results/HI17B/qc/HI17B_Nanoplot
    output: results/summary
    jobid: 0
    reason: Missing output files: results/summary
    resources: tmpdir=/tmp

Activating conda environment: .snakemake/conda/a0c8ecd6a262e1d3e248f6911ae238a5_
[Thu Oct 23 19:21:13 2025]
Finished job 0.
1 of 1 steps (100%) done
Complete log: .snakemake/log/2025-10-23T192107.483343.snakemake.log
