Assuming unrestricted shared filesystem usage.
None
host: stallion.srvint.efrei.fr
Building DAG of jobs...
Using shell: /usr/bin/bash
Provided cores: 22
Rules claiming more threads will be scaled down.
Job stats:
job                  count
-----------------  -------
abricate                 9
all                      1
flye_assembly            9
host_depletion           6
merge_rgi_results        1
plot_ARGs                9
plot_ARGs_all            1
plot_ARGs_by_gene        9
rgi                     16
total                   61

Select jobs to execute...
Execute 5 jobs...
[Thu Oct 23 19:40:06 2025]
localrule rgi:
    input: results/HI02A/assembly.fasta
    output: results/HI02A/rgi, results/HI02A/rgi/HI02A_rgi_summary.tsv
    jobid: 114
    reason: Missing output files: results/HI02A/rgi/HI02A_rgi_summary.tsv; Code has changed since last execution; Params have changed since last execution: Union of exclusive params before and now across all output: before: '/data/armel/git/MetagenAMR-main/resources/databases/card_db/localDB' now: <nothing exclusive> 
    wildcards: sample=HI02A
    threads: 8
    resources: tmpdir=/data/armel/git/MetagenAMR-main/results/HI09B/qc/HI09B_Nanoplot/tmp
Activating conda environment: .snakemake/conda/c7d5ca7f7ac662505bab4dd15d603f7c_
[Thu Oct 23 19:40:06 2025]
localrule rgi:
    input: results/HI17B/assembly.fasta
    output: results/HI17B/rgi, results/HI17B/rgi/HI17B_rgi_summary.tsv
    jobid: 99
    reason: Missing output files: results/HI17B/rgi/HI17B_rgi_summary.tsv; Code has changed since last execution; Params have changed since last execution: Union of exclusive params before and now across all output: before: '/data/armel/git/MetagenAMR-main/resources/databases/card_db/localDB' now: <nothing exclusive> 
    wildcards: sample=HI17B
    threads: 8
    resources: tmpdir=/data/armel/git/MetagenAMR-main/results/HI09B/qc/HI09B_Nanoplot/tmp
Activating conda environment: .snakemake/conda/c7d5ca7f7ac662505bab4dd15d603f7c_
[Thu Oct 23 19:40:06 2025]
localrule flye_assembly:
    input: results/HI05A/clean/HI05A_noh.fq.gz
    output: results/HI05A/assembly.fasta
    jobid: 34
    reason: Missing output files: results/HI05A/assembly.fasta; Updated input files: results/HI05A/clean/HI05A_noh.fq.gz
    wildcards: sample=HI05A
    resources: tmpdir=/data/armel/git/MetagenAMR-main/results/HI09B/qc/HI09B_Nanoplot/tmp
Activating conda environment: .snakemake/conda/2b8d26851d42507ad652f148d31ace33_
[Thu Oct 23 19:40:06 2025]
localrule flye_assembly:
    input: results/CMC_MTM/clean/CMC_MTM_noh.fq.gz
    output: results/CMC_MTM/assembly.fasta
    jobid: 10
    reason: Missing output files: results/CMC_MTM/assembly.fasta; Updated input files: results/CMC_MTM/clean/CMC_MTM_noh.fq.gz
    wildcards: sample=CMC_MTM
    resources: tmpdir=/data/armel/git/MetagenAMR-main/results/HI09B/qc/HI09B_Nanoplot/tmp
Activating conda environment: .snakemake/conda/2b8d26851d42507ad652f148d31ace33_
[Thu Oct 23 19:40:06 2025]
localrule flye_assembly:
    input: results/HI16B/clean/HI16B_noh.fq.gz
    output: results/HI16B/assembly.fasta
    jobid: 58
    reason: Missing output files: results/HI16B/assembly.fasta; Updated input files: results/HI16B/clean/HI16B_noh.fq.gz
    wildcards: sample=HI16B
    resources: tmpdir=/data/armel/git/MetagenAMR-main/results/HI09B/qc/HI09B_Nanoplot/tmp
Activating conda environment: .snakemake/conda/2b8d26851d42507ad652f148d31ace33_
Select jobs to execute...
[Thu Oct 23 19:51:54 2025]
Finished jobid: 34 (Rule: flye_assembly)
1 of 61 steps (2%) done
Execute 1 jobs...
[Thu Oct 23 19:51:54 2025]
localrule abricate:
    input: results/HI05A/assembly.fasta
    output: results/HI05A/abricate/HI05A_ARG_summary.tsv
    jobid: 33
    reason: Input files updated by another job: results/HI05A/assembly.fasta
    wildcards: sample=HI05A
    resources: tmpdir=/data/armel/git/MetagenAMR-main/results/HI09B/qc/HI09B_Nanoplot/tmp
Activating conda environment: .snakemake/conda/01528871480f2915ea4485b3da11c9ff_
Select jobs to execute...
[Thu Oct 23 19:52:16 2025]
Finished jobid: 33 (Rule: abricate)
2 of 61 steps (3%) done
Execute 2 jobs...
[Thu Oct 23 19:52:16 2025]
localrule plot_ARGs:
    input: results/HI05A/abricate/HI05A_ARG_summary.tsv
    output: results/HI05A/plots/HI05A_resistance_classes.png
    jobid: 73
    reason: Input files updated by another job: results/HI05A/abricate/HI05A_ARG_summary.tsv
    wildcards: sample=HI05A
    resources: tmpdir=/data/armel/git/MetagenAMR-main/results/HI09B/qc/HI09B_Nanoplot/tmp
[Thu Oct 23 19:52:16 2025]
localrule plot_ARGs_by_gene:
    input: results/HI05A/abricate/HI05A_ARG_summary.tsv
    output: results/HI05A/plots/HI05A_ARGs_by_gene.png
    jobid: 89
    reason: Input files updated by another job: results/HI05A/abricate/HI05A_ARG_summary.tsv
    wildcards: sample=HI05A
    resources: tmpdir=/data/armel/git/MetagenAMR-main/results/HI09B/qc/HI09B_Nanoplot/tmp
Activating conda environment: .snakemake/conda/f550386a40310a0327be21f8ca3f63dd_
Select jobs to execute...
Activating conda environment: .snakemake/conda/f550386a40310a0327be21f8ca3f63dd_
Activating conda environment: .snakemake/conda/f550386a40310a0327be21f8ca3f63dd_
[Thu Oct 23 19:52:23 2025]
Finished jobid: 89 (Rule: plot_ARGs_by_gene)
3 of 61 steps (5%) done
[Thu Oct 23 19:52:24 2025]
Finished jobid: 73 (Rule: plot_ARGs)
4 of 61 steps (7%) done
Waiting at most 5 seconds for missing files:
results/HI02A/rgi/HI02A_rgi_summary.tsv (missing locally)
MissingOutputException in rule rgi in file "/data/armel/git/MetagenAMR-main/workflow/rules/rgi.smk", line 1:
Job 114  completed successfully, but some output files are missing. Missing files after 5 seconds. This might be due to filesystem latency. If that is the case, consider to increase the wait time with --latency-wait:
results/HI02A/rgi/HI02A_rgi_summary.tsv (missing locally, parent dir contents: HI02A.json, HI02A.txt)
Removing output files of failed job rgi since they might be corrupted:
results/HI02A/rgi
Waiting at most 5 seconds for missing files:
results/HI17B/rgi/HI17B_rgi_summary.tsv (missing locally)
MissingOutputException in rule rgi in file "/data/armel/git/MetagenAMR-main/workflow/rules/rgi.smk", line 1:
Job 99  completed successfully, but some output files are missing. Missing files after 5 seconds. This might be due to filesystem latency. If that is the case, consider to increase the wait time with --latency-wait:
results/HI17B/rgi/HI17B_rgi_summary.tsv (missing locally, parent dir contents: HI17B.json, HI17B.txt)
Removing output files of failed job rgi since they might be corrupted:
results/HI17B/rgi
[Thu Oct 23 21:35:03 2025]
Finished jobid: 58 (Rule: flye_assembly)
5 of 61 steps (8%) done
[Thu Oct 23 21:48:25 2025]
Finished jobid: 10 (Rule: flye_assembly)
6 of 61 steps (10%) done
Shutting down, this might take some time.
Exiting because a job execution failed. Look below for error messages
[Thu Oct 23 21:48:25 2025]
Error in rule rgi:
    message: None
    jobid: 114
    input: results/HI02A/assembly.fasta
    output: results/HI02A/rgi, results/HI02A/rgi/HI02A_rgi_summary.tsv
    conda-env: /data/armel/git/MetagenAMR-main/.snakemake/conda/c7d5ca7f7ac662505bab4dd15d603f7c_
    shell:
        
        set -euo pipefail
        mkdir -p results/HI02A/rgi

        echo "==> Running RGI against configured local DB."

        rgi main \
            --input_sequence results/HI02A/assembly.fasta \
            --output_file results/HI02A/rgi/HI02A \
            --input_type contig \
            --num_threads 8 \
            --local \
            --clean

#        rgi tab \
#            --input results/HI02A/rgi/HI02A.json \
#            --output results/HI02A/rgi/HI02A_rgi_summary.tsv \
#            --include_loose
        
        (command exited with non-zero exit code)
[Thu Oct 23 21:48:25 2025]
Error in rule rgi:
    message: None
    jobid: 99
    input: results/HI17B/assembly.fasta
    output: results/HI17B/rgi, results/HI17B/rgi/HI17B_rgi_summary.tsv
    conda-env: /data/armel/git/MetagenAMR-main/.snakemake/conda/c7d5ca7f7ac662505bab4dd15d603f7c_
    shell:
        
        set -euo pipefail
        mkdir -p results/HI17B/rgi

        echo "==> Running RGI against configured local DB."

        rgi main \
            --input_sequence results/HI17B/assembly.fasta \
            --output_file results/HI17B/rgi/HI17B \
            --input_type contig \
            --num_threads 8 \
            --local \
            --clean

#        rgi tab \
#            --input results/HI17B/rgi/HI17B.json \
#            --output results/HI17B/rgi/HI17B_rgi_summary.tsv \
#            --include_loose
        
        (command exited with non-zero exit code)
Complete log(s): /data/armel/git/MetagenAMR-main/.snakemake/log/2025-10-23T194004.639404.snakemake.log
WorkflowError:
At least one job did not complete successfully.
