Assuming unrestricted shared filesystem usage.
None
host: stallion.srvint.efrei.fr
Building DAG of jobs...
Your conda installation is not configured to use strict channel priorities. This is however important for having robust and correct environments (for details, see https://conda-forge.org/docs/user/tipsandtricks.html). Please consider to configure strict priorities by executing 'conda config --set channel_priority strict'.
Creating conda environment workflow/envs/rgi.yaml...
Downloading and installing remote packages.
Cleaning up conda package tarballs.
Environment for /data/armel/git/MetagenAMR-main/workflow/rules/../envs/rgi.yaml created (location: .snakemake/conda/c7d5ca7f7ac662505bab4dd15d603f7c_)
Using shell: /usr/bin/bash
Provided cores: 1 (use --cores to define parallelism)
Rules claiming more threads will be scaled down.
Job stats:
job      count
-----  -------
rgi          1
total        1

Select jobs to execute...
Execute 1 jobs...
[Mon Oct 20 18:50:34 2025]
localrule rgi:
    input: results/HI02A/assembly.fasta
    output: results/HI02A/rgi, results/HI02A/rgi/HI02A_rgi_summary.tsv
    jobid: 0
    reason: Forced execution
    wildcards: sample=HI02A
    resources: tmpdir=/data/armel/git/MetagenAMR-main/results/HI09B/qc/HI09B_Nanoplot/tmp
Shell command: 
        set -euo pipefail
        mkdir -p results/HI02A/rgi

        # Exécution principale (utilise la base locale déjà chargée)
        rgi main \
            --input_sequence results/HI02A/assembly.fasta \
            --output_file results/HI02A/rgi/HI02A \
            --input_type contig \
            --num_threads 1 \
            --local \
            --clean

        # Conversion TSV
        rgi tab \
            --input results/HI02A/rgi/HI02A.json \
            --output results/HI02A/rgi/HI02A_rgi_summary.tsv \
            --include_loose
        
Activating conda environment: .snakemake/conda/c7d5ca7f7ac662505bab4dd15d603f7c_
RuleException:
CalledProcessError in file "/data/armel/git/MetagenAMR-main/workflow/rules/rgi.smk", line 11:
Command 'source /home/armel/miniforge3/envs/snakemake-env/bin/activate '/data/armel/git/MetagenAMR-main/.snakemake/conda/c7d5ca7f7ac662505bab4dd15d603f7c_'; set -euo pipefail;  
        set -euo pipefail
        mkdir -p results/HI02A/rgi

        # Exécution principale (utilise la base locale déjà chargée)
        rgi main \
            --input_sequence results/HI02A/assembly.fasta \
            --output_file results/HI02A/rgi/HI02A \
            --input_type contig \
            --num_threads 1 \
            --local \
            --clean

        # Conversion TSV
        rgi tab \
            --input results/HI02A/rgi/HI02A.json \
            --output results/HI02A/rgi/HI02A_rgi_summary.tsv \
            --include_loose' returned non-zero exit status 2.
[Mon Oct 20 19:09:51 2025]
Error in rule rgi:
    message: None
    jobid: 0
    input: results/HI02A/assembly.fasta
    output: results/HI02A/rgi, results/HI02A/rgi/HI02A_rgi_summary.tsv
    conda-env: /data/armel/git/MetagenAMR-main/.snakemake/conda/c7d5ca7f7ac662505bab4dd15d603f7c_
    shell:
        
        set -euo pipefail
        mkdir -p results/HI02A/rgi

        # Exécution principale (utilise la base locale déjà chargée)
        rgi main \
            --input_sequence results/HI02A/assembly.fasta \
            --output_file results/HI02A/rgi/HI02A \
            --input_type contig \
            --num_threads 1 \
            --local \
            --clean

        # Conversion TSV
        rgi tab \
            --input results/HI02A/rgi/HI02A.json \
            --output results/HI02A/rgi/HI02A_rgi_summary.tsv \
            --include_loose
        
        (command exited with non-zero exit code)
Removing output files of failed job rgi since they might be corrupted:
results/HI02A/rgi
Shutting down, this might take some time.
Exiting because a job execution failed. Look below for error messages
[Mon Oct 20 19:09:51 2025]
Error in rule rgi:
    message: None
    jobid: 0
    input: results/HI02A/assembly.fasta
    output: results/HI02A/rgi, results/HI02A/rgi/HI02A_rgi_summary.tsv
    conda-env: /data/armel/git/MetagenAMR-main/.snakemake/conda/c7d5ca7f7ac662505bab4dd15d603f7c_
    shell:
        
        set -euo pipefail
        mkdir -p results/HI02A/rgi

        # Exécution principale (utilise la base locale déjà chargée)
        rgi main \
            --input_sequence results/HI02A/assembly.fasta \
            --output_file results/HI02A/rgi/HI02A \
            --input_type contig \
            --num_threads 1 \
            --local \
            --clean

        # Conversion TSV
        rgi tab \
            --input results/HI02A/rgi/HI02A.json \
            --output results/HI02A/rgi/HI02A_rgi_summary.tsv \
            --include_loose
        
        (command exited with non-zero exit code)
Complete log(s): /data/armel/git/MetagenAMR-main/.snakemake/log/2025-10-20T184858.528816.snakemake.log
WorkflowError:
At least one job did not complete successfully.
