Assuming unrestricted shared filesystem usage.
None
host: stallion.srvint.efrei.fr
Building DAG of jobs...
Your conda installation is not configured to use strict channel priorities. This is however important for having robust and correct environments (for details, see https://conda-forge.org/docs/user/tipsandtricks.html). Please consider to configure strict priorities by executing 'conda config --set channel_priority strict'.
Using shell: /usr/bin/bash
Provided cores: 16
Rules claiming more threads will be scaled down.
Job stats:
job                  count
-----------------  -------
abricate                16
all                      1
flye_assembly           16
host_depletion          13
nanoplot                 9
plot_ARGs               16
plot_ARGs_all            1
plot_ARGs_all_R          1
plot_ARGs_by_gene       16
porechop                 7
total                   96

Select jobs to execute...
Execute 2 jobs...
[Wed Oct 15 17:28:06 2025]
localrule host_depletion:
    input: results/HI17B/trimmed.fastq.gz, resources/references/GRCh38_no_alt.mmi
    output: results/HI17B/clean/HI17B_noh.fq.gz
    jobid: 79
    reason: Missing output files: results/HI17B/clean/HI17B_noh.fq.gz
    wildcards: sample=HI17B
    threads: 8
    resources: tmpdir=/tmp
Activating conda environment: .snakemake/conda/9a23c77602d9d35c4fdf433a71fcdfe1_
[Wed Oct 15 17:28:06 2025]
localrule host_depletion:
    input: results/HI12B/trimmed.fastq.gz, resources/references/GRCh38_no_alt.mmi
    output: results/HI12B/clean/HI12B_noh.fq.gz
    jobid: 63
    reason: Missing output files: results/HI12B/clean/HI12B_noh.fq.gz
    wildcards: sample=HI12B
    threads: 8
    resources: tmpdir=/tmp
Activating conda environment: .snakemake/conda/9a23c77602d9d35c4fdf433a71fcdfe1_
Select jobs to execute...
[Wed Oct 15 17:37:15 2025]
Finished jobid: 79 (Rule: host_depletion)
1 of 96 steps (1%) done
Execute 1 jobs...
[Wed Oct 15 17:37:15 2025]
localrule host_depletion:
    input: results/CMC_CLY/trimmed.fastq.gz, resources/references/GRCh38_no_alt.mmi
    output: results/CMC_CLY/clean/CMC_CLY_noh.fq.gz
    jobid: 19
    reason: Forced execution
    wildcards: sample=CMC_CLY
    threads: 8
    resources: tmpdir=/tmp
Activating conda environment: .snakemake/conda/9a23c77602d9d35c4fdf433a71fcdfe1_
Select jobs to execute...
[Wed Oct 15 17:37:23 2025]
Finished jobid: 63 (Rule: host_depletion)
2 of 96 steps (2%) done
Execute 1 jobs...
[Wed Oct 15 17:37:23 2025]
localrule host_depletion:
    input: results/HI04A/trimmed.fastq.gz, resources/references/GRCh38_no_alt.mmi
    output: results/HI04A/clean/HI04A_noh.fq.gz
    jobid: 47
    reason: Missing output files: results/HI04A/clean/HI04A_noh.fq.gz
    wildcards: sample=HI04A
    threads: 8
    resources: tmpdir=/tmp
Activating conda environment: .snakemake/conda/9a23c77602d9d35c4fdf433a71fcdfe1_
Select jobs to execute...
[Wed Oct 15 17:38:31 2025]
Finished jobid: 47 (Rule: host_depletion)
3 of 96 steps (3%) done
Execute 1 jobs...
[Wed Oct 15 17:38:31 2025]
localrule host_depletion:
    input: results/HI07A/trimmed.fastq.gz, resources/references/GRCh38_no_alt.mmi
    output: results/HI07A/clean/HI07A_noh.fq.gz
    jobid: 55
    reason: Missing output files: results/HI07A/clean/HI07A_noh.fq.gz
    wildcards: sample=HI07A
    threads: 8
    resources: tmpdir=/tmp
Activating conda environment: .snakemake/conda/9a23c77602d9d35c4fdf433a71fcdfe1_
Select jobs to execute...
[Wed Oct 15 17:45:48 2025]
Finished jobid: 55 (Rule: host_depletion)
4 of 96 steps (4%) done
Execute 8 jobs...
[Wed Oct 15 17:45:48 2025]
localrule nanoplot:
    input: resources/reads/HI05A.fastq.gz
    output: results/HI05A/qc/HI05A_Nanoplot
    jobid: 9
    reason: Missing output files: results/HI05A/qc/HI05A_Nanoplot
    wildcards: sample=HI05A
    resources: tmpdir=/tmp
[Wed Oct 15 17:45:48 2025]
localrule nanoplot:
    input: resources/reads/HI01A.fastq.gz
    output: results/HI01A/qc/HI01A_Nanoplot
    jobid: 5
    reason: Missing output files: results/HI01A/qc/HI01A_Nanoplot
    wildcards: sample=HI01A
    resources: tmpdir=/tmp
Activating conda environment: .snakemake/conda/af2d6864052bb65a8b2fce89823e14d9_
Activating conda environment: .snakemake/conda/af2d6864052bb65a8b2fce89823e14d9_
[Wed Oct 15 17:45:48 2025]
localrule nanoplot:
    input: resources/reads/HI02A.fastq.gz
    output: results/HI02A/qc/HI02A_Nanoplot
    jobid: 6
    reason: Missing output files: results/HI02A/qc/HI02A_Nanoplot
    wildcards: sample=HI02A
    resources: tmpdir=/tmp
Activating conda environment: .snakemake/conda/af2d6864052bb65a8b2fce89823e14d9_
[Wed Oct 15 17:45:48 2025]
localrule flye_assembly:
    input: results/HI17B/clean/HI17B_noh.fq.gz
    output: results/HI17B/assembly.fasta
    jobid: 78
    reason: Missing output files: results/HI17B/assembly.fasta; Input files updated by another job: results/HI17B/clean/HI17B_noh.fq.gz
    wildcards: sample=HI17B
    resources: tmpdir=/tmp
Activating conda environment: .snakemake/conda/2b8d26851d42507ad652f148d31ace33_
[Wed Oct 15 17:45:48 2025]
localrule porechop:
    input: resources/reads/HI14B.fastq.gz
    output: results/HI14B/trimmed.fastq.gz
    jobid: 68
    reason: Missing output files: results/HI14B/trimmed.fastq.gz
    wildcards: sample=HI14B
    resources: tmpdir=/tmp
Activating conda environment: .snakemake/conda/2ac72101414847c11936a83efa1608b6_
[Wed Oct 15 17:45:48 2025]
localrule porechop:
    input: resources/reads/HI02A.fastq.gz
    output: results/HI02A/trimmed.fastq.gz
    jobid: 40
    reason: Missing output files: results/HI02A/trimmed.fastq.gz
    wildcards: sample=HI02A
    resources: tmpdir=/tmp
Activating conda environment: .snakemake/conda/2ac72101414847c11936a83efa1608b6_
[Wed Oct 15 17:45:48 2025]
localrule flye_assembly:
    input: results/CMC_BKN/clean/CMC_BKN_noh.fq.gz
    output: results/CMC_BKN/assembly.fasta
    jobid: 30
    reason: Missing output files: results/CMC_BKN/assembly.fasta
    wildcards: sample=CMC_BKN
    resources: tmpdir=/tmp
Activating conda environment: .snakemake/conda/2b8d26851d42507ad652f148d31ace33_
[Wed Oct 15 17:45:48 2025]
localrule flye_assembly:
    input: results/HI04A/clean/HI04A_noh.fq.gz
    output: results/HI04A/assembly.fasta
    jobid: 46
    reason: Missing output files: results/HI04A/assembly.fasta; Input files updated by another job: results/HI04A/clean/HI04A_noh.fq.gz
    wildcards: sample=HI04A
    resources: tmpdir=/tmp
Activating conda environment: .snakemake/conda/2b8d26851d42507ad652f148d31ace33_
Select jobs to execute...
ImproperOutputException in rule nanoplot in file "/data/armel/git/MetagenAMR-main/workflow/rules/nanoplot.smk", line 1:
Outputs of incorrect type (directories when expecting files or vice versa). Output directories must be flagged with directory(). for rule nanoplot:
    output: results/HI05A/qc/HI05A_Nanoplot
    wildcards: sample=HI05A
    affected files:
        results/HI05A/qc/HI05A_Nanoplot
Removing output files of failed job nanoplot since they might be corrupted:
results/HI05A/qc/HI05A_Nanoplot
Skipped removing non-empty directory results/HI05A/qc/HI05A_Nanoplot
ImproperOutputException in rule nanoplot in file "/data/armel/git/MetagenAMR-main/workflow/rules/nanoplot.smk", line 1:
Outputs of incorrect type (directories when expecting files or vice versa). Output directories must be flagged with directory(). for rule nanoplot:
    output: results/HI02A/qc/HI02A_Nanoplot
    wildcards: sample=HI02A
    affected files:
        results/HI02A/qc/HI02A_Nanoplot
Removing output files of failed job nanoplot since they might be corrupted:
results/HI02A/qc/HI02A_Nanoplot
Skipped removing non-empty directory results/HI02A/qc/HI02A_Nanoplot
[Wed Oct 15 17:50:54 2025]
Finished jobid: 46 (Rule: flye_assembly)
5 of 96 steps (5%) done
ImproperOutputException in rule nanoplot in file "/data/armel/git/MetagenAMR-main/workflow/rules/nanoplot.smk", line 1:
Outputs of incorrect type (directories when expecting files or vice versa). Output directories must be flagged with directory(). for rule nanoplot:
    output: results/HI01A/qc/HI01A_Nanoplot
    wildcards: sample=HI01A
    affected files:
        results/HI01A/qc/HI01A_Nanoplot
Removing output files of failed job nanoplot since they might be corrupted:
results/HI01A/qc/HI01A_Nanoplot
Skipped removing non-empty directory results/HI01A/qc/HI01A_Nanoplot
[Wed Oct 15 17:53:18 2025]
Finished jobid: 19 (Rule: host_depletion)
6 of 96 steps (6%) done
[Wed Oct 15 18:21:17 2025]
Finished jobid: 40 (Rule: porechop)
7 of 96 steps (7%) done
[Wed Oct 15 18:31:37 2025]
Finished jobid: 68 (Rule: porechop)
8 of 96 steps (8%) done
[Wed Oct 15 19:06:07 2025]
Finished jobid: 78 (Rule: flye_assembly)
9 of 96 steps (9%) done
[Wed Oct 15 19:29:54 2025]
Finished jobid: 30 (Rule: flye_assembly)
10 of 96 steps (10%) done
Shutting down, this might take some time.
Exiting because a job execution failed. Look below for error messages
[Wed Oct 15 19:29:54 2025]
Error in rule nanoplot:
    message: None
    jobid: 5
    input: resources/reads/HI01A.fastq.gz
    output: results/HI01A/qc/HI01A_Nanoplot
    conda-env: /data/armel/git/MetagenAMR-main/.snakemake/conda/af2d6864052bb65a8b2fce89823e14d9_
    shell:
        NanoPlot --fastq resources/reads/HI01A.fastq.gz -o results/HI01A/qc/HI01A_Nanoplot -t 24
        (command exited with non-zero exit code)
[Wed Oct 15 19:29:54 2025]
Error in rule nanoplot:
    message: None
    jobid: 9
    input: resources/reads/HI05A.fastq.gz
    output: results/HI05A/qc/HI05A_Nanoplot
    conda-env: /data/armel/git/MetagenAMR-main/.snakemake/conda/af2d6864052bb65a8b2fce89823e14d9_
    shell:
        NanoPlot --fastq resources/reads/HI05A.fastq.gz -o results/HI05A/qc/HI05A_Nanoplot -t 24
        (command exited with non-zero exit code)
[Wed Oct 15 19:29:54 2025]
Error in rule nanoplot:
    message: None
    jobid: 6
    input: resources/reads/HI02A.fastq.gz
    output: results/HI02A/qc/HI02A_Nanoplot
    conda-env: /data/armel/git/MetagenAMR-main/.snakemake/conda/af2d6864052bb65a8b2fce89823e14d9_
    shell:
        NanoPlot --fastq resources/reads/HI02A.fastq.gz -o results/HI02A/qc/HI02A_Nanoplot -t 24
        (command exited with non-zero exit code)
Complete log(s): /data/armel/git/MetagenAMR-main/.snakemake/log/2025-10-15T172804.144553.snakemake.log
WorkflowError:
At least one job did not complete successfully.
