Assuming unrestricted shared filesystem usage.
None
host: stallion.srvint.efrei.fr
Building DAG of jobs...
Your conda installation is not configured to use strict channel priorities. This is however important for having robust and correct environments (for details, see https://conda-forge.org/docs/user/tipsandtricks.html). Please consider to configure strict priorities by executing 'conda config --set channel_priority strict'.
Creating conda environment workflow/envs/multiqc.yaml...
Downloading and installing remote packages.
Cleaning up conda package tarballs.
Environment for /data/armel/git/MetagenAMR-main/workflow/rules/../envs/multiqc.yaml created (location: .snakemake/conda/a0c8ecd6a262e1d3e248f6911ae238a5_)
Creating conda environment workflow/envs/dag.yaml...
Downloading and installing remote packages.
Cleaning up conda package tarballs.
Environment for /data/armel/git/MetagenAMR-main/workflow/rules/../envs/dag.yaml created (location: .snakemake/conda/69a93ab51e8a64b6b2f737e3e7392841_)
Using shell: /usr/bin/bash
Provided cores: 8
Rules claiming more threads will be scaled down.
Job stats:
job                  count
-----------------  -------
abricate                 4
all                      1
build_dag                1
flye_assembly            4
host_depletion           4
merge_rgi_results        1
multiqc_nanoplot         1
plot_ARGs                4
plot_ARGs_all            1
plot_ARGs_all_R          1
plot_ARGs_by_gene        4
porechop                 3
rgi                     16
total                   45

Select jobs to execute...
Execute 1 jobs...
[Mon Oct 20 23:47:55 2025]
localrule rgi:
    input: results/HI01A/assembly.fasta
    output: results/HI01A/rgi, results/HI01A/rgi/HI01A_rgi_summary.tsv
    jobid: 127
    reason: Missing output files: results/HI01A/rgi/HI01A_rgi_summary.tsv
    wildcards: sample=HI01A
    threads: 8
    resources: tmpdir=/data/armel/git/MetagenAMR-main/results/HI09B/qc/HI09B_Nanoplot/tmp
Activating conda environment: .snakemake/conda/c7d5ca7f7ac662505bab4dd15d603f7c_
Select jobs to execute...
RuleException:
CalledProcessError in file "/data/armel/git/MetagenAMR-main/workflow/rules/rgi.smk", line 11:
Command 'source /home/armel/miniforge3/envs/snakemake-env/bin/activate '/data/armel/git/MetagenAMR-main/.snakemake/conda/c7d5ca7f7ac662505bab4dd15d603f7c_'; set -euo pipefail;  
        set -euo pipefail
        mkdir -p results/HI01A/rgi

        rgi main \
            --input_sequence results/HI01A/assembly.fasta \
            --output_file results/HI01A/rgi/HI01A \
            --input_type contig \
            --num_threads 8 \
            --local \
            --clean

        # Conversion TSV
        rgi tab \
            --input results/HI01A/rgi/HI01A.json \
            --output results/HI01A/rgi/HI01A_rgi_summary.tsv \
            --include_loose' returned non-zero exit status 2.
[Mon Oct 20 23:48:01 2025]
Error in rule rgi:
    message: None
    jobid: 127
    input: results/HI01A/assembly.fasta
    output: results/HI01A/rgi, results/HI01A/rgi/HI01A_rgi_summary.tsv
    conda-env: /data/armel/git/MetagenAMR-main/.snakemake/conda/c7d5ca7f7ac662505bab4dd15d603f7c_
    shell:
        
        set -euo pipefail
        mkdir -p results/HI01A/rgi

        rgi main \
            --input_sequence results/HI01A/assembly.fasta \
            --output_file results/HI01A/rgi/HI01A \
            --input_type contig \
            --num_threads 8 \
            --local \
            --clean

        # Conversion TSV
        rgi tab \
            --input results/HI01A/rgi/HI01A.json \
            --output results/HI01A/rgi/HI01A_rgi_summary.tsv \
            --include_loose
        
        (command exited with non-zero exit code)
Removing output files of failed job rgi since they might be corrupted:
results/HI01A/rgi
Shutting down, this might take some time.
Exiting because a job execution failed. Look below for error messages
[Mon Oct 20 23:48:01 2025]
Error in rule rgi:
    message: None
    jobid: 127
    input: results/HI01A/assembly.fasta
    output: results/HI01A/rgi, results/HI01A/rgi/HI01A_rgi_summary.tsv
    conda-env: /data/armel/git/MetagenAMR-main/.snakemake/conda/c7d5ca7f7ac662505bab4dd15d603f7c_
    shell:
        
        set -euo pipefail
        mkdir -p results/HI01A/rgi

        rgi main \
            --input_sequence results/HI01A/assembly.fasta \
            --output_file results/HI01A/rgi/HI01A \
            --input_type contig \
            --num_threads 8 \
            --local \
            --clean

        # Conversion TSV
        rgi tab \
            --input results/HI01A/rgi/HI01A.json \
            --output results/HI01A/rgi/HI01A_rgi_summary.tsv \
            --include_loose
        
        (command exited with non-zero exit code)
Complete log(s): /data/armel/git/MetagenAMR-main/.snakemake/log/2025-10-20T234531.724535.snakemake.log
WorkflowError:
At least one job did not complete successfully.
