Assuming unrestricted shared filesystem usage.
None
host: stallion.srvint.efrei.fr
Building DAG of jobs...
Using shell: /usr/bin/bash
Provided cores: 16
Rules claiming more threads will be scaled down.
Job stats:
job      count
-----  -------
rgi          1
total        1

Select jobs to execute...
Execute 1 jobs...
[Fri Oct 24 15:45:18 2025]
localrule rgi:
    input: results/HI02A/assembly.fasta
    output: results/HI02A/rgi, results/HI02A/rgi/HI02A_rgi_summary.tsv
    jobid: 0
    reason: Missing output files: results/HI02A/rgi/HI02A_rgi_summary.tsv
    wildcards: sample=HI02A
    threads: 8
    resources: tmpdir=/tmp
Activating conda environment: .snakemake/conda/c7d5ca7f7ac662505bab4dd15d603f7c_
RuleException:
CalledProcessError in file "/data/armel/git/MetagenAMR-main/workflow/rules/rgi.smk", line 11:
Command 'source /home/armel/miniforge3/envs/snakemake-env/bin/activate '/data/armel/git/MetagenAMR-main/.snakemake/conda/c7d5ca7f7ac662505bab4dd15d603f7c_'; set -euo pipefail;  
        set -euo pipefail
        mkdir -p results/HI02A/rgi

        echo "==> Running RGI against configured local DB (output in results/HI02A/rgi)."

        # Important : donner le chemin complet pour --output_file
        rgi main \
            --input_sequence results/HI02A/assembly.fasta \
            -o results/HI02A/rgi/HI02A \
            --input_type contig \
            --num_threads 8 \
            --local \
            --clean

        # Conversion JSON -> TSV
        rgi tab \
            -i results/HI02A/rgi/HI02A.json \
            --output results/HI02A/rgi/HI02A_rgi_summary.tsv \
            --include_loose' returned non-zero exit status 2.
[Fri Oct 24 15:52:01 2025]
Error in rule rgi:
    message: None
    jobid: 0
    input: results/HI02A/assembly.fasta
    output: results/HI02A/rgi, results/HI02A/rgi/HI02A_rgi_summary.tsv
    conda-env: /data/armel/git/MetagenAMR-main/.snakemake/conda/c7d5ca7f7ac662505bab4dd15d603f7c_
    shell:
        
        set -euo pipefail
        mkdir -p results/HI02A/rgi

        echo "==> Running RGI against configured local DB (output in results/HI02A/rgi)."

        # Important : donner le chemin complet pour --output_file
        rgi main \
            --input_sequence results/HI02A/assembly.fasta \
            -o results/HI02A/rgi/HI02A \
            --input_type contig \
            --num_threads 8 \
            --local \
            --clean

        # Conversion JSON -> TSV
        rgi tab \
            -i results/HI02A/rgi/HI02A.json \
            --output results/HI02A/rgi/HI02A_rgi_summary.tsv \
            --include_loose
        
        (command exited with non-zero exit code)
Removing output files of failed job rgi since they might be corrupted:
results/HI02A/rgi
Shutting down, this might take some time.
Exiting because a job execution failed. Look below for error messages
[Fri Oct 24 15:52:01 2025]
Error in rule rgi:
    message: None
    jobid: 0
    input: results/HI02A/assembly.fasta
    output: results/HI02A/rgi, results/HI02A/rgi/HI02A_rgi_summary.tsv
    conda-env: /data/armel/git/MetagenAMR-main/.snakemake/conda/c7d5ca7f7ac662505bab4dd15d603f7c_
    shell:
        
        set -euo pipefail
        mkdir -p results/HI02A/rgi

        echo "==> Running RGI against configured local DB (output in results/HI02A/rgi)."

        # Important : donner le chemin complet pour --output_file
        rgi main \
            --input_sequence results/HI02A/assembly.fasta \
            -o results/HI02A/rgi/HI02A \
            --input_type contig \
            --num_threads 8 \
            --local \
            --clean

        # Conversion JSON -> TSV
        rgi tab \
            -i results/HI02A/rgi/HI02A.json \
            --output results/HI02A/rgi/HI02A_rgi_summary.tsv \
            --include_loose
        
        (command exited with non-zero exit code)
Complete log(s): /data/armel/git/MetagenAMR-main/.snakemake/log/2025-10-24T154517.012766.snakemake.log
WorkflowError:
At least one job did not complete successfully.
