Assuming unrestricted shared filesystem usage.
None
host: stallion.srvint.efrei.fr
Building DAG of jobs...
Using shell: /usr/bin/bash
Provided cores: 8
Rules claiming more threads will be scaled down.
Job stats:
job      count
-----  -------
rgi          1
total        1

Select jobs to execute...
Execute 1 jobs...
[Fri Oct 24 14:15:21 2025]
localrule rgi:
    input: results/HI02A/assembly.fasta
    output: results/HI02A/rgi, results/HI02A/rgi/HI02A_rgi_summary.tsv
    jobid: 0
    reason: Missing output files: results/HI02A/rgi
    wildcards: sample=HI02A
    threads: 8
    resources: tmpdir=/data/armel/git/MetagenAMR-main/results/HI09B/qc/HI09B_Nanoplot/tmp
Activating conda environment: .snakemake/conda/c7d5ca7f7ac662505bab4dd15d603f7c_
Waiting at most 60 seconds for missing files:
results/HI02A/rgi/HI02A_rgi_summary.tsv (missing locally)
Terminating processes on user request, this might take some time.
Complete log(s): /data/armel/git/MetagenAMR-main/.snakemake/log/2025-10-24T141520.290368.snakemake.log
WorkflowError:
At least one job did not complete successfully.
