Assuming unrestricted shared filesystem usage.
None
host: stallion.srvint.efrei.fr
Building DAG of jobs...
Your conda installation is not configured to use strict channel priorities. This is however important for having robust and correct environments (for details, see https://conda-forge.org/docs/user/tipsandtricks.html). Please consider to configure strict priorities by executing 'conda config --set channel_priority strict'.
Using shell: /usr/bin/bash
Provided cores: 16
Rules claiming more threads will be scaled down.
Job stats:
job                  count
-----------------  -------
abricate                 4
all                      1
flye_assembly            4
host_depletion           4
plot_ARGs                4
plot_ARGs_all            1
plot_ARGs_by_gene        4
porechop                 4
total                   26

Select jobs to execute...
Execute 4 jobs...
[Sun Jul 27 17:29:52 2025]
localrule porechop:
    input: resources/reads/CMC_MNR.fastq.gz
    output: results/CMC_MNR/trimmed.fastq.gz
    jobid: 8
    reason: Missing output files: results/CMC_MNR/trimmed.fastq.gz
    wildcards: sample=CMC_MNR
    resources: tmpdir=/tmp
Activating conda environment: .snakemake/conda/2ac72101414847c11936a83efa1608b6_
[Sun Jul 27 17:29:52 2025]
localrule porechop:
    input: resources/reads/CMC_MTM.fastq.gz
    output: results/CMC_MTM/trimmed.fastq.gz
    jobid: 12
    reason: Missing output files: results/CMC_MTM/trimmed.fastq.gz
    wildcards: sample=CMC_MTM
    resources: tmpdir=/tmp
Activating conda environment: .snakemake/conda/2ac72101414847c11936a83efa1608b6_
[Sun Jul 27 17:29:52 2025]
localrule porechop:
    input: resources/reads/CMC_BKN.fastq.gz
    output: results/CMC_BKN/trimmed.fastq.gz
    jobid: 16
    reason: Missing output files: results/CMC_BKN/trimmed.fastq.gz
    wildcards: sample=CMC_BKN
    resources: tmpdir=/tmp
Activating conda environment: .snakemake/conda/2ac72101414847c11936a83efa1608b6_
[Sun Jul 27 17:29:52 2025]
localrule porechop:
    input: resources/reads/CMC_CLY.fastq.gz
    output: results/CMC_CLY/trimmed.fastq.gz
    jobid: 4
    reason: Missing output files: results/CMC_CLY/trimmed.fastq.gz
    wildcards: sample=CMC_CLY
    resources: tmpdir=/tmp
Activating conda environment: .snakemake/conda/2ac72101414847c11936a83efa1608b6_
Terminating processes on user request, this might take some time.
RuleException:
CalledProcessError in file "/data/armel/git/MetagenAMR-main/workflow/rules/porechop.smk", line 10:
Command 'source /home/armel/miniforge3/envs/snakemake-env/bin/activate '/data/armel/git/MetagenAMR-main/.snakemake/conda/2ac72101414847c11936a83efa1608b6_'; set -euo pipefail;  porechop -i resources/reads/CMC_CLY.fastq.gz -o results/CMC_CLY/trimmed.fastq.gz --threads 24' died with <Signals.SIGINT: 2>.
[Sun Jul 27 17:30:08 2025]
Error in rule porechop:
    message: None
    jobid: 4
    input: resources/reads/CMC_CLY.fastq.gz
    output: results/CMC_CLY/trimmed.fastq.gz
    conda-env: /data/armel/git/MetagenAMR-main/.snakemake/conda/2ac72101414847c11936a83efa1608b6_
    shell:
        porechop -i resources/reads/CMC_CLY.fastq.gz -o results/CMC_CLY/trimmed.fastq.gz --threads 24
        (command exited with non-zero exit code)
RuleException:
CalledProcessError in file "/data/armel/git/MetagenAMR-main/workflow/rules/porechop.smk", line 10:
Command 'source /home/armel/miniforge3/envs/snakemake-env/bin/activate '/data/armel/git/MetagenAMR-main/.snakemake/conda/2ac72101414847c11936a83efa1608b6_'; set -euo pipefail;  porechop -i resources/reads/CMC_MTM.fastq.gz -o results/CMC_MTM/trimmed.fastq.gz --threads 24' died with <Signals.SIGINT: 2>.
[Sun Jul 27 17:30:08 2025]
Error in rule porechop:
    message: None
    jobid: 12
    input: resources/reads/CMC_MTM.fastq.gz
    output: results/CMC_MTM/trimmed.fastq.gz
    conda-env: /data/armel/git/MetagenAMR-main/.snakemake/conda/2ac72101414847c11936a83efa1608b6_
    shell:
        porechop -i resources/reads/CMC_MTM.fastq.gz -o results/CMC_MTM/trimmed.fastq.gz --threads 24
        (command exited with non-zero exit code)
RuleException:
CalledProcessError in file "/data/armel/git/MetagenAMR-main/workflow/rules/porechop.smk", line 10:
Command 'source /home/armel/miniforge3/envs/snakemake-env/bin/activate '/data/armel/git/MetagenAMR-main/.snakemake/conda/2ac72101414847c11936a83efa1608b6_'; set -euo pipefail;  porechop -i resources/reads/CMC_MNR.fastq.gz -o results/CMC_MNR/trimmed.fastq.gz --threads 24' died with <Signals.SIGINT: 2>.
[Sun Jul 27 17:30:08 2025]
Error in rule porechop:
    message: None
    jobid: 8
    input: resources/reads/CMC_MNR.fastq.gz
    output: results/CMC_MNR/trimmed.fastq.gz
    conda-env: /data/armel/git/MetagenAMR-main/.snakemake/conda/2ac72101414847c11936a83efa1608b6_
    shell:
        porechop -i resources/reads/CMC_MNR.fastq.gz -o results/CMC_MNR/trimmed.fastq.gz --threads 24
        (command exited with non-zero exit code)
