Assuming unrestricted shared filesystem usage.
None
host: stallion.srvint.efrei.fr
Building DAG of jobs...
Your conda installation is not configured to use strict channel priorities. This is however important for having robust and correct environments (for details, see https://conda-forge.org/docs/user/tipsandtricks.html). Please consider to configure strict priorities by executing 'conda config --set channel_priority strict'.
Creating conda environment workflow/envs/python_plot.yaml...
Downloading and installing remote packages.
Cleaning up conda package tarballs.
Environment for /data/armel/git/MetagenAMR-main/workflow/rules/../envs/python_plot.yaml created (location: .snakemake/conda/f550386a40310a0327be21f8ca3f63dd_)
Using shell: /usr/bin/bash
Provided cores: 16
Rules claiming more threads will be scaled down.
Job stats:
job              count
-------------  -------
all                  1
plot_ARGs            3
plot_ARGs_all        3
total                7

Select jobs to execute...
Execute 6 jobs...
[Sun Jul 27 14:44:25 2025]
localrule plot_ARGs_all:
    input: results/barcode06/abricate/barcode06_ARG_summary.tsv
    output: results/barcode06/plots/barcode06_ARGs_all.png
    jobid: 14
    reason: Missing output files: results/barcode06/plots/barcode06_ARGs_all.png
    wildcards: sample=barcode06
    resources: tmpdir=/tmp
Activating conda environment: .snakemake/conda/f550386a40310a0327be21f8ca3f63dd_
[Sun Jul 27 14:44:25 2025]
localrule plot_ARGs_all:
    input: results/barcode07/abricate/barcode07_ARG_summary.tsv
    output: results/barcode07/plots/barcode07_ARGs_all.png
    jobid: 15
    reason: Missing output files: results/barcode07/plots/barcode07_ARGs_all.png
    wildcards: sample=barcode07
    resources: tmpdir=/tmp
Activating conda environment: .snakemake/conda/f550386a40310a0327be21f8ca3f63dd_
[Sun Jul 27 14:44:25 2025]
localrule plot_ARGs:
    input: results/barcode06/abricate/barcode06_ARG_summary.tsv
    output: results/barcode06/plots/barcode06_resistance_classes.png
    jobid: 11
    reason: Software environment definition has changed since last execution
    wildcards: sample=barcode06
    resources: tmpdir=/tmp
[Sun Jul 27 14:44:25 2025]
localrule plot_ARGs:
    input: results/barcode07/abricate/barcode07_ARG_summary.tsv
    output: results/barcode07/plots/barcode07_resistance_classes.png
    jobid: 12
    reason: Software environment definition has changed since last execution
    wildcards: sample=barcode07
    resources: tmpdir=/tmp
[Sun Jul 27 14:44:25 2025]
localrule plot_ARGs_all:
    input: results/barcode05/abricate/barcode05_ARG_summary.tsv
    output: results/barcode05/plots/barcode05_ARGs_all.png
    jobid: 13
    reason: Missing output files: results/barcode05/plots/barcode05_ARGs_all.png
    wildcards: sample=barcode05
    resources: tmpdir=/tmp
Activating conda environment: .snakemake/conda/f550386a40310a0327be21f8ca3f63dd_
[Sun Jul 27 14:44:25 2025]
localrule plot_ARGs:
    input: results/barcode05/abricate/barcode05_ARG_summary.tsv
    output: results/barcode05/plots/barcode05_resistance_classes.png
    jobid: 10
    reason: Software environment definition has changed since last execution
    wildcards: sample=barcode05
    resources: tmpdir=/tmp
Activating conda environment: .snakemake/conda/f550386a40310a0327be21f8ca3f63dd_
Activating conda environment: .snakemake/conda/f550386a40310a0327be21f8ca3f63dd_
Activating conda environment: .snakemake/conda/f550386a40310a0327be21f8ca3f63dd_
RuleException:
CalledProcessError in file "/data/armel/git/MetagenAMR-main/workflow/rules/plot_ARGs_all.smk", line 9:
Command 'source /home/armel/miniforge3/envs/snakemake-env/bin/activate '/data/armel/git/MetagenAMR-main/.snakemake/conda/f550386a40310a0327be21f8ca3f63dd_'; set -euo pipefail;  ../scripts/plot_ARGs_all.py' returned non-zero exit status 1.
[Sun Jul 27 14:44:25 2025]
Error in rule plot_ARGs_all:
    message: None
    jobid: 15
    input: results/barcode07/abricate/barcode07_ARG_summary.tsv
    output: results/barcode07/plots/barcode07_ARGs_all.png
    conda-env: /data/armel/git/MetagenAMR-main/.snakemake/conda/f550386a40310a0327be21f8ca3f63dd_
    shell:
        ../scripts/plot_ARGs_all.py
        (command exited with non-zero exit code)
RuleException:
CalledProcessError in file "/data/armel/git/MetagenAMR-main/workflow/rules/plot_ARGs_all.smk", line 9:
Command 'source /home/armel/miniforge3/envs/snakemake-env/bin/activate '/data/armel/git/MetagenAMR-main/.snakemake/conda/f550386a40310a0327be21f8ca3f63dd_'; set -euo pipefail;  ../scripts/plot_ARGs_all.py' returned non-zero exit status 1.
[Sun Jul 27 14:44:25 2025]
Error in rule plot_ARGs_all:
    message: None
    jobid: 13
    input: results/barcode05/abricate/barcode05_ARG_summary.tsv
    output: results/barcode05/plots/barcode05_ARGs_all.png
    conda-env: /data/armel/git/MetagenAMR-main/.snakemake/conda/f550386a40310a0327be21f8ca3f63dd_
    shell:
        ../scripts/plot_ARGs_all.py
        (command exited with non-zero exit code)
RuleException:
CalledProcessError in file "/data/armel/git/MetagenAMR-main/workflow/rules/plot_ARGs_all.smk", line 9:
Command 'source /home/armel/miniforge3/envs/snakemake-env/bin/activate '/data/armel/git/MetagenAMR-main/.snakemake/conda/f550386a40310a0327be21f8ca3f63dd_'; set -euo pipefail;  ../scripts/plot_ARGs_all.py' returned non-zero exit status 1.
[Sun Jul 27 14:44:25 2025]
Error in rule plot_ARGs_all:
    message: None
    jobid: 14
    input: results/barcode06/abricate/barcode06_ARG_summary.tsv
    output: results/barcode06/plots/barcode06_ARGs_all.png
    conda-env: /data/armel/git/MetagenAMR-main/.snakemake/conda/f550386a40310a0327be21f8ca3f63dd_
    shell:
        ../scripts/plot_ARGs_all.py
        (command exited with non-zero exit code)
Activating conda environment: .snakemake/conda/f550386a40310a0327be21f8ca3f63dd_
Activating conda environment: .snakemake/conda/f550386a40310a0327be21f8ca3f63dd_
Activating conda environment: .snakemake/conda/f550386a40310a0327be21f8ca3f63dd_
[Sun Jul 27 14:44:28 2025]
Finished jobid: 10 (Rule: plot_ARGs)
1 of 7 steps (14%) done
[Sun Jul 27 14:44:28 2025]
Finished jobid: 12 (Rule: plot_ARGs)
2 of 7 steps (29%) done
[Sun Jul 27 14:44:28 2025]
Finished jobid: 11 (Rule: plot_ARGs)
3 of 7 steps (43%) done
Shutting down, this might take some time.
Exiting because a job execution failed. Look below for error messages
[Sun Jul 27 14:44:28 2025]
Error in rule plot_ARGs_all:
    message: None
    jobid: 13
    input: results/barcode05/abricate/barcode05_ARG_summary.tsv
    output: results/barcode05/plots/barcode05_ARGs_all.png
    conda-env: /data/armel/git/MetagenAMR-main/.snakemake/conda/f550386a40310a0327be21f8ca3f63dd_
    shell:
        ../scripts/plot_ARGs_all.py
        (command exited with non-zero exit code)
[Sun Jul 27 14:44:28 2025]
Error in rule plot_ARGs_all:
    message: None
    jobid: 14
    input: results/barcode06/abricate/barcode06_ARG_summary.tsv
    output: results/barcode06/plots/barcode06_ARGs_all.png
    conda-env: /data/armel/git/MetagenAMR-main/.snakemake/conda/f550386a40310a0327be21f8ca3f63dd_
    shell:
        ../scripts/plot_ARGs_all.py
        (command exited with non-zero exit code)
[Sun Jul 27 14:44:28 2025]
Error in rule plot_ARGs_all:
    message: None
    jobid: 15
    input: results/barcode07/abricate/barcode07_ARG_summary.tsv
    output: results/barcode07/plots/barcode07_ARGs_all.png
    conda-env: /data/armel/git/MetagenAMR-main/.snakemake/conda/f550386a40310a0327be21f8ca3f63dd_
    shell:
        ../scripts/plot_ARGs_all.py
        (command exited with non-zero exit code)
Complete log(s): /data/armel/git/MetagenAMR-main/.snakemake/log/2025-07-27T144318.237672.snakemake.log
WorkflowError:
At least one job did not complete successfully.
