Assuming unrestricted shared filesystem usage.
None
host: stallion.srvint.efrei.fr
Building DAG of jobs...
Your conda installation is not configured to use strict channel priorities. This is however important for having robust and correct environments (for details, see https://conda-forge.org/docs/user/tipsandtricks.html). Please consider to configure strict priorities by executing 'conda config --set channel_priority strict'.
Creating conda environment workflow/envs/nanoplot.yaml...
Downloading and installing remote packages.
CreateCondaEnvironmentException:
Could not create conda environment from /data/armel/git/MetagenAMR-main/workflow/rules/../envs/nanoplot.yaml:
Command:
conda env create --quiet --no-default-packages --file "/data/armel/git/MetagenAMR-main/.snakemake/conda/dedc38372e1c25bbbe586c83bcaee467_.yaml" --prefix "/data/armel/git/MetagenAMR-main/.snakemake/conda/dedc38372e1c25bbbe586c83bcaee467_"
Output:
Channels:
 - conda-forge
 - bioconda
 - defaults
Platform: linux-64
Collecting package metadata (repodata.json): ...working... done
Solving environment: ...working... failed

PackagesNotFoundError: The following packages are not available from current channels:

  - kaleido

Current channels:

  - https://conda.anaconda.org/conda-forge
  - https://conda.anaconda.org/bioconda
  - https://repo.anaconda.com/pkgs/main
  - https://repo.anaconda.com/pkgs/r

To search for alternate channels that may provide the conda package you're
looking for, navigate to

    https://anaconda.org

and use the search bar at the top of the page.



