Assuming unrestricted shared filesystem usage.
None
host: stallion.srvint.efrei.fr
Building DAG of jobs...
Your conda installation is not configured to use strict channel priorities. This is however important for having robust and correct environments (for details, see https://conda-forge.org/docs/user/tipsandtricks.html). Please consider to configure strict priorities by executing 'conda config --set channel_priority strict'.
Using shell: /usr/bin/bash
Provided cores: 16
Rules claiming more threads will be scaled down.
Job stats:
job                  count
-----------------  -------
abricate                 4
all                      1
flye_assembly            4
host_depletion           4
plot_ARGs                4
plot_ARGs_all            1
plot_ARGs_all_R          1
plot_ARGs_by_gene        4
total                   23

Select jobs to execute...
Execute 2 jobs...
[Wed Oct 15 15:55:34 2025]
localrule host_depletion:
    input: results/CMC_CLY/trimmed.fastq.gz, resources/references/GRCh38_no_alt.mmi
    output: results/CMC_CLY/clean/CMC_CLY_noh.fq.gz
    jobid: 7
    reason: Missing output files: results/CMC_CLY/clean/CMC_CLY_noh.fq.gz
    wildcards: sample=CMC_CLY
    threads: 8
    resources: tmpdir=/tmp
Activating conda environment: .snakemake/conda/9a23c77602d9d35c4fdf433a71fcdfe1_
[Wed Oct 15 15:55:34 2025]
localrule host_depletion:
    input: results/CMC_BKN/trimmed.fastq.gz, resources/references/GRCh38_no_alt.mmi
    output: results/CMC_BKN/clean/CMC_BKN_noh.fq.gz
    jobid: 19
    reason: Missing output files: results/CMC_BKN/clean/CMC_BKN_noh.fq.gz
    wildcards: sample=CMC_BKN
    threads: 8
    resources: tmpdir=/tmp
Activating conda environment: .snakemake/conda/9a23c77602d9d35c4fdf433a71fcdfe1_
Select jobs to execute...
Terminating processes on user request, this might take some time.
